[0.511s] DEBUG:colcon:Command line arguments: ['/usr/bin/colcon', 'build']
[0.511s] DEBUG:colcon:Parsed command line arguments: Namespace(log_base=None, log_level=None, verb_name='build', build_base='build', install_base='install', merge_install=False, symlink_install=False, test_result_base=None, continue_on_error=False, executor='parallel', parallel_workers=1, event_handlers=None, ignore_user_meta=False, metas=['./colcon.meta'], base_paths=['.'], packages_ignore=None, packages_ignore_regex=None, paths=None, packages_up_to=None, packages_up_to_regex=None, packages_above=None, packages_above_and_dependencies=None, packages_above_depth=None, packages_select_by_dep=None, packages_skip_by_dep=None, packages_skip_up_to=None, packages_select_build_failed=False, packages_skip_build_finished=False, packages_select_test_failures=False, packages_skip_test_passed=False, packages_select=None, packages_skip=None, packages_select_regex=None, packages_skip_regex=None, packages_start=None, packages_end=None, allow_overriding=[], cmake_args=None, cmake_target=None, cmake_target_skip_unavailable=False, cmake_clean_cache=False, cmake_clean_first=False, cmake_force_configure=False, ament_cmake_args=None, catkin_cmake_args=None, catkin_skip_building_tests=False, verb_parser=<colcon_defaults.argument_parser.defaults.DefaultArgumentsDecorator object at 0x7f33023f73a0>, verb_extension=<colcon_core.verb.build.BuildVerb object at 0x7f3302c1aef0>, main=<bound method BuildVerb.main of <colcon_core.verb.build.BuildVerb object at 0x7f3302c1aef0>>)
[0.579s] Level 1:colcon.colcon_core.package_discovery:discover_packages(colcon_meta) check parameters
[0.580s] Level 1:colcon.colcon_core.package_discovery:discover_packages(recursive) check parameters
[0.580s] Level 1:colcon.colcon_core.package_discovery:discover_packages(ignore) check parameters
[0.580s] Level 1:colcon.colcon_core.package_discovery:discover_packages(path) check parameters
[0.580s] Level 1:colcon.colcon_core.package_discovery:discover_packages(colcon_meta) discover
[0.581s] Level 1:colcon.colcon_core.package_discovery:discover_packages(recursive) discover
[0.581s] INFO:colcon.colcon_core.package_discovery:Crawling recursively for packages in '/home/robotica/Taller3/mi_robot_manipulador_2'
[0.581s] Level 1:colcon.colcon_core.package_identification:_identify(.) by extensions ['ignore', 'ignore_ament_install']
[0.581s] Level 1:colcon.colcon_core.package_identification:_identify(.) by extension 'ignore'
[0.582s] Level 1:colcon.colcon_core.package_identification:_identify(.) by extension 'ignore_ament_install'
[0.582s] Level 1:colcon.colcon_core.package_identification:_identify(.) by extensions ['colcon_pkg']
[0.582s] Level 1:colcon.colcon_core.package_identification:_identify(.) by extension 'colcon_pkg'
[0.582s] Level 1:colcon.colcon_core.package_identification:_identify(.) by extensions ['colcon_meta']
[0.583s] Level 1:colcon.colcon_core.package_identification:_identify(.) by extension 'colcon_meta'
[0.583s] Level 1:colcon.colcon_core.package_identification:_identify(.) by extensions ['ros']
[0.583s] Level 1:colcon.colcon_core.package_identification:_identify(.) by extension 'ros'
[0.604s] Level 1:colcon.colcon_core.package_identification:_identify(.) by extensions ['cmake', 'python']
[0.604s] Level 1:colcon.colcon_core.package_identification:_identify(.) by extension 'cmake'
[0.604s] Level 1:colcon.colcon_core.package_identification:_identify(.) by extension 'python'
[0.605s] Level 1:colcon.colcon_core.package_identification:_identify(.) by extensions ['python_setup_py']
[0.605s] Level 1:colcon.colcon_core.package_identification:_identify(.) by extension 'python_setup_py'
[0.605s] Level 1:colcon.colcon_core.package_identification:_identify(build) by extensions ['ignore', 'ignore_ament_install']
[0.606s] Level 1:colcon.colcon_core.package_identification:_identify(build) by extension 'ignore'
[0.606s] Level 1:colcon.colcon_core.package_identification:_identify(build) ignored
[0.606s] Level 1:colcon.colcon_core.package_identification:_identify(install) by extensions ['ignore', 'ignore_ament_install']
[0.606s] Level 1:colcon.colcon_core.package_identification:_identify(install) by extension 'ignore'
[0.607s] Level 1:colcon.colcon_core.package_identification:_identify(install) ignored
[0.607s] Level 1:colcon.colcon_core.package_identification:_identify(log) by extensions ['ignore', 'ignore_ament_install']
[0.607s] Level 1:colcon.colcon_core.package_identification:_identify(log) by extension 'ignore'
[0.608s] Level 1:colcon.colcon_core.package_identification:_identify(log) ignored
[0.608s] Level 1:colcon.colcon_core.package_identification:_identify(src) by extensions ['ignore', 'ignore_ament_install']
[0.608s] Level 1:colcon.colcon_core.package_identification:_identify(src) by extension 'ignore'
[0.608s] Level 1:colcon.colcon_core.package_identification:_identify(src) by extension 'ignore_ament_install'
[0.609s] Level 1:colcon.colcon_core.package_identification:_identify(src) by extensions ['colcon_pkg']
[0.609s] Level 1:colcon.colcon_core.package_identification:_identify(src) by extension 'colcon_pkg'
[0.609s] Level 1:colcon.colcon_core.package_identification:_identify(src) by extensions ['colcon_meta']
[0.609s] Level 1:colcon.colcon_core.package_identification:_identify(src) by extension 'colcon_meta'
[0.609s] Level 1:colcon.colcon_core.package_identification:_identify(src) by extensions ['ros']
[0.610s] Level 1:colcon.colcon_core.package_identification:_identify(src) by extension 'ros'
[0.610s] Level 1:colcon.colcon_core.package_identification:_identify(src) by extensions ['cmake', 'python']
[0.610s] Level 1:colcon.colcon_core.package_identification:_identify(src) by extension 'cmake'
[0.610s] Level 1:colcon.colcon_core.package_identification:_identify(src) by extension 'python'
[0.611s] Level 1:colcon.colcon_core.package_identification:_identify(src) by extensions ['python_setup_py']
[0.611s] Level 1:colcon.colcon_core.package_identification:_identify(src) by extension 'python_setup_py'
[0.611s] Level 1:colcon.colcon_core.package_identification:_identify(src/mi_robot_manipulador_2) by extensions ['ignore', 'ignore_ament_install']
[0.612s] Level 1:colcon.colcon_core.package_identification:_identify(src/mi_robot_manipulador_2) by extension 'ignore'
[0.612s] Level 1:colcon.colcon_core.package_identification:_identify(src/mi_robot_manipulador_2) by extension 'ignore_ament_install'
[0.612s] Level 1:colcon.colcon_core.package_identification:_identify(src/mi_robot_manipulador_2) by extensions ['colcon_pkg']
[0.612s] Level 1:colcon.colcon_core.package_identification:_identify(src/mi_robot_manipulador_2) by extension 'colcon_pkg'
[0.613s] Level 1:colcon.colcon_core.package_identification:_identify(src/mi_robot_manipulador_2) by extensions ['colcon_meta']
[0.613s] Level 1:colcon.colcon_core.package_identification:_identify(src/mi_robot_manipulador_2) by extension 'colcon_meta'
[0.613s] Level 1:colcon.colcon_core.package_identification:_identify(src/mi_robot_manipulador_2) by extensions ['ros']
[0.613s] Level 1:colcon.colcon_core.package_identification:_identify(src/mi_robot_manipulador_2) by extension 'ros'
[0.617s] DEBUG:colcon.colcon_core.package_identification:Package 'src/mi_robot_manipulador_2' with type 'ros.ament_python' and name 'mi_robot_manipulador_2'
[0.617s] Level 1:colcon.colcon_core.package_discovery:discover_packages(recursive) using defaults
[0.618s] Level 1:colcon.colcon_core.package_discovery:discover_packages(ignore) discover
[0.618s] Level 1:colcon.colcon_core.package_discovery:discover_packages(ignore) using defaults
[0.618s] Level 1:colcon.colcon_core.package_discovery:discover_packages(path) discover
[0.618s] Level 1:colcon.colcon_core.package_discovery:discover_packages(path) using defaults
[0.659s] Level 1:colcon.colcon_core.package_discovery:discover_packages(prefix_path) check parameters
[0.660s] Level 1:colcon.colcon_core.package_discovery:discover_packages(prefix_path) discover
[0.669s] DEBUG:colcon.colcon_installed_package_information.package_discovery:Found 1 installed packages in /home/robotica/Taller3/mi_robot_manipulador_2/install
[0.676s] DEBUG:colcon.colcon_installed_package_information.package_discovery:Found 270 installed packages in /opt/ros/humble
[0.681s] Level 1:colcon.colcon_core.package_discovery:discover_packages(prefix_path) using defaults
[0.794s] Level 5:colcon.colcon_core.verb:set package 'mi_robot_manipulador_2' build argument 'cmake_args' from command line to 'None'
[0.795s] Level 5:colcon.colcon_core.verb:set package 'mi_robot_manipulador_2' build argument 'cmake_target' from command line to 'None'
[0.795s] Level 5:colcon.colcon_core.verb:set package 'mi_robot_manipulador_2' build argument 'cmake_target_skip_unavailable' from command line to 'False'
[0.795s] Level 5:colcon.colcon_core.verb:set package 'mi_robot_manipulador_2' build argument 'cmake_clean_cache' from command line to 'False'
[0.796s] Level 5:colcon.colcon_core.verb:set package 'mi_robot_manipulador_2' build argument 'cmake_clean_first' from command line to 'False'
[0.796s] Level 5:colcon.colcon_core.verb:set package 'mi_robot_manipulador_2' build argument 'cmake_force_configure' from command line to 'False'
[0.796s] Level 5:colcon.colcon_core.verb:set package 'mi_robot_manipulador_2' build argument 'ament_cmake_args' from command line to 'None'
[0.796s] Level 5:colcon.colcon_core.verb:set package 'mi_robot_manipulador_2' build argument 'catkin_cmake_args' from command line to 'None'
[0.796s] Level 5:colcon.colcon_core.verb:set package 'mi_robot_manipulador_2' build argument 'catkin_skip_building_tests' from command line to 'False'
[0.797s] DEBUG:colcon.colcon_core.verb:Building package 'mi_robot_manipulador_2' with the following arguments: {'ament_cmake_args': None, 'build_base': '/home/robotica/Taller3/mi_robot_manipulador_2/build/mi_robot_manipulador_2', 'catkin_cmake_args': None, 'catkin_skip_building_tests': False, 'cmake_args': None, 'cmake_clean_cache': False, 'cmake_clean_first': False, 'cmake_force_configure': False, 'cmake_target': None, 'cmake_target_skip_unavailable': False, 'install_base': '/home/robotica/Taller3/mi_robot_manipulador_2/install/mi_robot_manipulador_2', 'merge_install': False, 'path': '/home/robotica/Taller3/mi_robot_manipulador_2/src/mi_robot_manipulador_2', 'symlink_install': False, 'test_result_base': None}
[0.798s] INFO:colcon.colcon_core.executor:Executing jobs using 'parallel' executor
[0.802s] DEBUG:colcon.colcon_parallel_executor.executor.parallel:run_until_complete
[0.803s] INFO:colcon.colcon_ros.task.ament_python.build:Building ROS package in '/home/robotica/Taller3/mi_robot_manipulador_2/src/mi_robot_manipulador_2' with build type 'ament_python'
[0.803s] Level 1:colcon.colcon_core.shell:create_environment_hook('mi_robot_manipulador_2', 'ament_prefix_path')
[0.814s] INFO:colcon.colcon_core.plugin_system:Skipping extension 'colcon_core.shell.bat': Not used on non-Windows systems
[0.814s] INFO:colcon.colcon_core.shell:Creating environment hook '/home/robotica/Taller3/mi_robot_manipulador_2/install/mi_robot_manipulador_2/share/mi_robot_manipulador_2/hook/ament_prefix_path.ps1'
[0.816s] INFO:colcon.colcon_core.shell:Creating environment descriptor '/home/robotica/Taller3/mi_robot_manipulador_2/install/mi_robot_manipulador_2/share/mi_robot_manipulador_2/hook/ament_prefix_path.dsv'
[0.817s] INFO:colcon.colcon_core.shell:Creating environment hook '/home/robotica/Taller3/mi_robot_manipulador_2/install/mi_robot_manipulador_2/share/mi_robot_manipulador_2/hook/ament_prefix_path.sh'
[0.829s] INFO:colcon.colcon_core.shell:Skip shell extension 'powershell' for command environment: Not usable outside of PowerShell
[0.829s] DEBUG:colcon.colcon_core.shell:Skip shell extension 'dsv' for command environment
[1.587s] INFO:colcon.colcon_core.task.python.build:Building Python package in '/home/robotica/Taller3/mi_robot_manipulador_2/src/mi_robot_manipulador_2'
[1.589s] INFO:colcon.colcon_core.shell:Skip shell extension 'powershell' for command environment: Not usable outside of PowerShell
[1.589s] DEBUG:colcon.colcon_core.shell:Skip shell extension 'dsv' for command environment
[2.360s] DEBUG:colcon.colcon_core.event_handler.log_command:Invoking command in '/home/robotica/Taller3/mi_robot_manipulador_2/src/mi_robot_manipulador_2': PYTHONPATH=/home/robotica/Taller3/mi_robot_manipulador_2/build/mi_robot_manipulador_2/prefix_override:/home/robotica/Taller3/mi_robot_manipulador_2/install/mi_robot_manipulador_2/lib/python3.10/site-packages:${PYTHONPATH} /usr/bin/python3 setup.py egg_info --egg-base ../../build/mi_robot_manipulador_2 build --build-base /home/robotica/Taller3/mi_robot_manipulador_2/build/mi_robot_manipulador_2/build install --record /home/robotica/Taller3/mi_robot_manipulador_2/build/mi_robot_manipulador_2/install.log --single-version-externally-managed
[3.008s] DEBUG:colcon.colcon_core.event_handler.log_command:Invoked command in '/home/robotica/Taller3/mi_robot_manipulador_2/src/mi_robot_manipulador_2' returned '0': PYTHONPATH=/home/robotica/Taller3/mi_robot_manipulador_2/build/mi_robot_manipulador_2/prefix_override:/home/robotica/Taller3/mi_robot_manipulador_2/install/mi_robot_manipulador_2/lib/python3.10/site-packages:${PYTHONPATH} /usr/bin/python3 setup.py egg_info --egg-base ../../build/mi_robot_manipulador_2 build --build-base /home/robotica/Taller3/mi_robot_manipulador_2/build/mi_robot_manipulador_2/build install --record /home/robotica/Taller3/mi_robot_manipulador_2/build/mi_robot_manipulador_2/install.log --single-version-externally-managed
[3.016s] Level 1:colcon.colcon_core.environment:checking '/home/robotica/Taller3/mi_robot_manipulador_2/install/mi_robot_manipulador_2' for CMake module files
[3.016s] Level 1:colcon.colcon_core.environment:checking '/home/robotica/Taller3/mi_robot_manipulador_2/install/mi_robot_manipulador_2' for CMake config files
[3.017s] Level 1:colcon.colcon_core.environment:checking '/home/robotica/Taller3/mi_robot_manipulador_2/install/mi_robot_manipulador_2/lib'
[3.018s] Level 1:colcon.colcon_core.environment:checking '/home/robotica/Taller3/mi_robot_manipulador_2/install/mi_robot_manipulador_2/bin'
[3.018s] Level 1:colcon.colcon_core.environment:checking '/home/robotica/Taller3/mi_robot_manipulador_2/install/mi_robot_manipulador_2/lib/pkgconfig/mi_robot_manipulador_2.pc'
[3.019s] Level 1:colcon.colcon_core.environment:checking '/home/robotica/Taller3/mi_robot_manipulador_2/install/mi_robot_manipulador_2/lib/python3.10/site-packages'
[3.019s] Level 1:colcon.colcon_core.shell:create_environment_hook('mi_robot_manipulador_2', 'pythonpath')
[3.021s] INFO:colcon.colcon_core.shell:Creating environment hook '/home/robotica/Taller3/mi_robot_manipulador_2/install/mi_robot_manipulador_2/share/mi_robot_manipulador_2/hook/pythonpath.ps1'
[3.023s] INFO:colcon.colcon_core.shell:Creating environment descriptor '/home/robotica/Taller3/mi_robot_manipulador_2/install/mi_robot_manipulador_2/share/mi_robot_manipulador_2/hook/pythonpath.dsv'
[3.024s] INFO:colcon.colcon_core.shell:Creating environment hook '/home/robotica/Taller3/mi_robot_manipulador_2/install/mi_robot_manipulador_2/share/mi_robot_manipulador_2/hook/pythonpath.sh'
[3.026s] Level 1:colcon.colcon_core.environment:checking '/home/robotica/Taller3/mi_robot_manipulador_2/install/mi_robot_manipulador_2/bin'
[3.026s] Level 1:colcon.colcon_core.environment:create_environment_scripts_only(mi_robot_manipulador_2)
[3.029s] INFO:colcon.colcon_core.shell:Creating package script '/home/robotica/Taller3/mi_robot_manipulador_2/install/mi_robot_manipulador_2/share/mi_robot_manipulador_2/package.ps1'
[3.031s] INFO:colcon.colcon_core.shell:Creating package descriptor '/home/robotica/Taller3/mi_robot_manipulador_2/install/mi_robot_manipulador_2/share/mi_robot_manipulador_2/package.dsv'
[3.033s] INFO:colcon.colcon_core.shell:Creating package script '/home/robotica/Taller3/mi_robot_manipulador_2/install/mi_robot_manipulador_2/share/mi_robot_manipulador_2/package.sh'
[3.035s] INFO:colcon.colcon_core.shell:Creating package script '/home/robotica/Taller3/mi_robot_manipulador_2/install/mi_robot_manipulador_2/share/mi_robot_manipulador_2/package.bash'
[3.037s] INFO:colcon.colcon_core.shell:Creating package script '/home/robotica/Taller3/mi_robot_manipulador_2/install/mi_robot_manipulador_2/share/mi_robot_manipulador_2/package.zsh'
[3.039s] Level 1:colcon.colcon_core.environment:create_file_with_runtime_dependencies(/home/robotica/Taller3/mi_robot_manipulador_2/install/mi_robot_manipulador_2/share/colcon-core/packages/mi_robot_manipulador_2)
[3.042s] DEBUG:colcon.colcon_parallel_executor.executor.parallel:closing loop
[3.042s] DEBUG:colcon.colcon_parallel_executor.executor.parallel:loop closed
[3.043s] DEBUG:colcon.colcon_parallel_executor.executor.parallel:run_until_complete finished with '0'
[3.043s] DEBUG:colcon.colcon_core.event_reactor:joining thread
[3.061s] INFO:colcon.colcon_core.plugin_system:Skipping extension 'colcon_notification.desktop_notification.terminal_notifier': Not used on non-Darwin systems
[3.061s] INFO:colcon.colcon_core.plugin_system:Skipping extension 'colcon_notification.desktop_notification.win32': Not used on non-Windows systems
[3.062s] INFO:colcon.colcon_notification.desktop_notification:Sending desktop notification using 'notify2'
[3.098s] DEBUG:colcon.colcon_core.event_reactor:joined thread
[3.100s] INFO:colcon.colcon_core.shell:Creating prefix script '/home/robotica/Taller3/mi_robot_manipulador_2/install/local_setup.ps1'
[3.102s] INFO:colcon.colcon_core.shell:Creating prefix util module '/home/robotica/Taller3/mi_robot_manipulador_2/install/_local_setup_util_ps1.py'
[3.111s] INFO:colcon.colcon_core.shell:Creating prefix chain script '/home/robotica/Taller3/mi_robot_manipulador_2/install/setup.ps1'
[3.113s] INFO:colcon.colcon_core.shell:Creating prefix script '/home/robotica/Taller3/mi_robot_manipulador_2/install/local_setup.sh'
[3.114s] INFO:colcon.colcon_core.shell:Creating prefix util module '/home/robotica/Taller3/mi_robot_manipulador_2/install/_local_setup_util_sh.py'
[3.120s] INFO:colcon.colcon_core.shell:Creating prefix chain script '/home/robotica/Taller3/mi_robot_manipulador_2/install/setup.sh'
[3.122s] INFO:colcon.colcon_core.shell:Creating prefix script '/home/robotica/Taller3/mi_robot_manipulador_2/install/local_setup.bash'
[3.124s] INFO:colcon.colcon_core.shell:Creating prefix chain script '/home/robotica/Taller3/mi_robot_manipulador_2/install/setup.bash'
[3.131s] INFO:colcon.colcon_core.shell:Creating prefix script '/home/robotica/Taller3/mi_robot_manipulador_2/install/local_setup.zsh'
[3.135s] INFO:colcon.colcon_core.shell:Creating prefix chain script '/home/robotica/Taller3/mi_robot_manipulador_2/install/setup.zsh'
