[1.844s] Invoking command in '/home/robotica/Taller3/mi_robot_manipulador_2/src/mi_robot_manipulador_2': PYTHONPATH=/home/robotica/Taller3/mi_robot_manipulador_2/build/mi_robot_manipulador_2/prefix_override:/home/robotica/Taller3/mi_robot_manipulador_2/install/mi_robot_manipulador_2/lib/python3.10/site-packages:${PYTHONPATH} /usr/bin/python3 setup.py egg_info --egg-base ../../build/mi_robot_manipulador_2 build --build-base /home/robotica/Taller3/mi_robot_manipulador_2/build/mi_robot_manipulador_2/build install --record /home/robotica/Taller3/mi_robot_manipulador_2/build/mi_robot_manipulador_2/install.log --single-version-externally-managed
[2.352s] running egg_info
[2.355s] writing ../../build/mi_robot_manipulador_2/mi_robot_manipulador_2.egg-info/PKG-INFO
[2.357s] writing dependency_links to ../../build/mi_robot_manipulador_2/mi_robot_manipulador_2.egg-info/dependency_links.txt
[2.359s] writing entry points to ../../build/mi_robot_manipulador_2/mi_robot_manipulador_2.egg-info/entry_points.txt
[2.367s] writing requirements to ../../build/mi_robot_manipulador_2/mi_robot_manipulador_2.egg-info/requires.txt
[2.371s] writing top-level names to ../../build/mi_robot_manipulador_2/mi_robot_manipulador_2.egg-info/top_level.txt
[2.380s] reading manifest file '../../build/mi_robot_manipulador_2/mi_robot_manipulador_2.egg-info/SOURCES.txt'
[2.383s] writing manifest file '../../build/mi_robot_manipulador_2/mi_robot_manipulador_2.egg-info/SOURCES.txt'
[2.392s] running build
[2.393s] running build_py
[2.395s] copying mi_robot_manipulador_2/robot_manipulador_teleop_test.py -> /home/robotica/Taller3/mi_robot_manipulador_2/build/mi_robot_manipulador_2/build/lib/mi_robot_manipulador_2
[2.402s] running install
[2.403s] /usr/lib/python3/dist-packages/setuptools/command/install.py:34: SetuptoolsDeprecationWarning: setup.py install is deprecated. Use build and pip and other standards-based tools.
[2.403s]   warnings.warn(
[2.405s] running install_lib
[2.412s] copying /home/robotica/Taller3/mi_robot_manipulador_2/build/mi_robot_manipulador_2/build/lib/mi_robot_manipulador_2/robot_manipulador_teleop_test.py -> /home/robotica/Taller3/mi_robot_manipulador_2/install/mi_robot_manipulador_2/lib/python3.10/site-packages/mi_robot_manipulador_2
[2.416s] byte-compiling /home/robotica/Taller3/mi_robot_manipulador_2/install/mi_robot_manipulador_2/lib/python3.10/site-packages/mi_robot_manipulador_2/robot_manipulador_teleop_test.py to robot_manipulador_teleop_test.cpython-310.pyc
[2.422s] running install_data
[2.426s] copying package.xml -> /home/robotica/Taller3/mi_robot_manipulador_2/install/mi_robot_manipulador_2/share/mi_robot_manipulador_2
[2.429s] running install_egg_info
[2.437s] removing '/home/robotica/Taller3/mi_robot_manipulador_2/install/mi_robot_manipulador_2/lib/python3.10/site-packages/mi_robot_manipulador_2-0.0.0-py3.10.egg-info' (and everything under it)
[2.456s] Copying ../../build/mi_robot_manipulador_2/mi_robot_manipulador_2.egg-info to /home/robotica/Taller3/mi_robot_manipulador_2/install/mi_robot_manipulador_2/lib/python3.10/site-packages/mi_robot_manipulador_2-0.0.0-py3.10.egg-info
[2.457s] running install_scripts
[2.520s] Installing robot_manipulador_teleop = mi_robot_manipulador_2.robot_manipulador_teleop:mainrobot_manipulador_teleop_test script to /home/robotica/Taller3/mi_robot_manipulador_2/install/mi_robot_manipulador_2/lib/mi_robot_manipulador_2
[2.523s] writing list of installed files to '/home/robotica/Taller3/mi_robot_manipulador_2/build/mi_robot_manipulador_2/install.log'
[2.589s] Invoked command in '/home/robotica/Taller3/mi_robot_manipulador_2/src/mi_robot_manipulador_2' returned '0': PYTHONPATH=/home/robotica/Taller3/mi_robot_manipulador_2/build/mi_robot_manipulador_2/prefix_override:/home/robotica/Taller3/mi_robot_manipulador_2/install/mi_robot_manipulador_2/lib/python3.10/site-packages:${PYTHONPATH} /usr/bin/python3 setup.py egg_info --egg-base ../../build/mi_robot_manipulador_2 build --build-base /home/robotica/Taller3/mi_robot_manipulador_2/build/mi_robot_manipulador_2/build install --record /home/robotica/Taller3/mi_robot_manipulador_2/build/mi_robot_manipulador_2/install.log --single-version-externally-managed
