[1.202s] Invoking command in '/home/robotica/Taller3/mi_robot_manipulador_2/src/mi_robot_manipulador_2': PYTHONPATH=/home/robotica/Taller3/mi_robot_manipulador_2/build/mi_robot_manipulador_2/prefix_override:/home/robotica/Taller3/mi_robot_manipulador_2/install/mi_robot_manipulador_2/lib/python3.10/site-packages:${PYTHONPATH} /usr/bin/python3 setup.py egg_info --egg-base ../../build/mi_robot_manipulador_2 build --build-base /home/robotica/Taller3/mi_robot_manipulador_2/build/mi_robot_manipulador_2/build install --record /home/robotica/Taller3/mi_robot_manipulador_2/build/mi_robot_manipulador_2/install.log --single-version-externally-managed
[1.576s] running egg_info
[1.579s] writing ../../build/mi_robot_manipulador_2/mi_robot_manipulador_2.egg-info/PKG-INFO
[1.581s] writing dependency_links to ../../build/mi_robot_manipulador_2/mi_robot_manipulador_2.egg-info/dependency_links.txt
[1.584s] writing entry points to ../../build/mi_robot_manipulador_2/mi_robot_manipulador_2.egg-info/entry_points.txt
[1.588s] writing requirements to ../../build/mi_robot_manipulador_2/mi_robot_manipulador_2.egg-info/requires.txt
[1.592s] writing top-level names to ../../build/mi_robot_manipulador_2/mi_robot_manipulador_2.egg-info/top_level.txt
[1.598s] reading manifest file '../../build/mi_robot_manipulador_2/mi_robot_manipulador_2.egg-info/SOURCES.txt'
[1.602s] writing manifest file '../../build/mi_robot_manipulador_2/mi_robot_manipulador_2.egg-info/SOURCES.txt'
[1.604s] running build
[1.608s] running build_py
[1.608s] running install
[1.609s] /usr/lib/python3/dist-packages/setuptools/command/install.py:34: SetuptoolsDeprecationWarning: setup.py install is deprecated. Use build and pip and other standards-based tools.
[1.609s]   warnings.warn(
[1.611s] running install_lib
[1.615s] running install_data
[1.621s] running install_egg_info
[1.632s] removing '/home/robotica/Taller3/mi_robot_manipulador_2/install/mi_robot_manipulador_2/lib/python3.10/site-packages/mi_robot_manipulador_2-0.0.0-py3.10.egg-info' (and everything under it)
[1.642s] Copying ../../build/mi_robot_manipulador_2/mi_robot_manipulador_2.egg-info to /home/robotica/Taller3/mi_robot_manipulador_2/install/mi_robot_manipulador_2/lib/python3.10/site-packages/mi_robot_manipulador_2-0.0.0-py3.10.egg-info
[1.645s] running install_scripts
[1.696s] Installing robot_manipulator_teleop script to /home/robotica/Taller3/mi_robot_manipulador_2/install/mi_robot_manipulador_2/lib/mi_robot_manipulador_2
[1.700s] Installing robot_manipulator_teleop_test script to /home/robotica/Taller3/mi_robot_manipulador_2/install/mi_robot_manipulador_2/lib/mi_robot_manipulador_2
[1.703s] writing list of installed files to '/home/robotica/Taller3/mi_robot_manipulador_2/build/mi_robot_manipulador_2/install.log'
[1.776s] Invoked command in '/home/robotica/Taller3/mi_robot_manipulador_2/src/mi_robot_manipulador_2' returned '0': PYTHONPATH=/home/robotica/Taller3/mi_robot_manipulador_2/build/mi_robot_manipulador_2/prefix_override:/home/robotica/Taller3/mi_robot_manipulador_2/install/mi_robot_manipulador_2/lib/python3.10/site-packages:${PYTHONPATH} /usr/bin/python3 setup.py egg_info --egg-base ../../build/mi_robot_manipulador_2 build --build-base /home/robotica/Taller3/mi_robot_manipulador_2/build/mi_robot_manipulador_2/build install --record /home/robotica/Taller3/mi_robot_manipulador_2/build/mi_robot_manipulador_2/install.log --single-version-externally-managed
