/home/yaisa/Taller3/install/mi_robot_manipulador_2/lib/python3.10/site-packages/mi_robot_manipulador_2/manipulator_sendto_arduino.py
/home/yaisa/Taller3/install/mi_robot_manipulador_2/lib/python3.10/site-packages/mi_robot_manipulador_2/robot_manipulator_planner.py
/home/yaisa/Taller3/install/mi_robot_manipulador_2/lib/python3.10/site-packages/mi_robot_manipulador_2/robot_manipulator_teleop.py
/home/yaisa/Taller3/install/mi_robot_manipulador_2/lib/python3.10/site-packages/mi_robot_manipulador_2/__init__.py
/home/yaisa/Taller3/install/mi_robot_manipulador_2/lib/python3.10/site-packages/mi_robot_manipulador_2/cinematica_brazo.py
/home/yaisa/Taller3/install/mi_robot_manipulador_2/lib/python3.10/site-packages/mi_robot_manipulador_2/robot_manipulator_interface.py
/home/yaisa/Taller3/install/mi_robot_manipulador_2/lib/python3.10/site-packages/mi_robot_manipulador_2/__pycache__/manipulator_sendto_arduino.cpython-310.pyc
/home/yaisa/Taller3/install/mi_robot_manipulador_2/lib/python3.10/site-packages/mi_robot_manipulador_2/__pycache__/robot_manipulator_planner.cpython-310.pyc
/home/yaisa/Taller3/install/mi_robot_manipulador_2/lib/python3.10/site-packages/mi_robot_manipulador_2/__pycache__/robot_manipulator_teleop.cpython-310.pyc
/home/yaisa/Taller3/install/mi_robot_manipulador_2/lib/python3.10/site-packages/mi_robot_manipulador_2/__pycache__/__init__.cpython-310.pyc
/home/yaisa/Taller3/install/mi_robot_manipulador_2/lib/python3.10/site-packages/mi_robot_manipulador_2/__pycache__/cinematica_brazo.cpython-310.pyc
/home/yaisa/Taller3/install/mi_robot_manipulador_2/lib/python3.10/site-packages/mi_robot_manipulador_2/__pycache__/robot_manipulator_interface.cpython-310.pyc
/home/yaisa/Taller3/install/mi_robot_manipulador_2/share/ament_index/resource_index/packages/mi_robot_manipulador_2
/home/yaisa/Taller3/install/mi_robot_manipulador_2/share/mi_robot_manipulador_2/package.xml
/home/yaisa/Taller3/install/mi_robot_manipulador_2/lib/python3.10/site-packages/mi_robot_manipulador_2-0.0.0-py3.10.egg-info/requires.txt
/home/yaisa/Taller3/install/mi_robot_manipulador_2/lib/python3.10/site-packages/mi_robot_manipulador_2-0.0.0-py3.10.egg-info/dependency_links.txt
/home/yaisa/Taller3/install/mi_robot_manipulador_2/lib/python3.10/site-packages/mi_robot_manipulador_2-0.0.0-py3.10.egg-info/SOURCES.txt
/home/yaisa/Taller3/install/mi_robot_manipulador_2/lib/python3.10/site-packages/mi_robot_manipulador_2-0.0.0-py3.10.egg-info/PKG-INFO
/home/yaisa/Taller3/install/mi_robot_manipulador_2/lib/python3.10/site-packages/mi_robot_manipulador_2-0.0.0-py3.10.egg-info/top_level.txt
/home/yaisa/Taller3/install/mi_robot_manipulador_2/lib/python3.10/site-packages/mi_robot_manipulador_2-0.0.0-py3.10.egg-info/entry_points.txt
/home/yaisa/Taller3/install/mi_robot_manipulador_2/lib/python3.10/site-packages/mi_robot_manipulador_2-0.0.0-py3.10.egg-info/zip-safe
/home/yaisa/Taller3/install/mi_robot_manipulador_2/lib/mi_robot_manipulador_2/manipulator_sendto_arduino
/home/yaisa/Taller3/install/mi_robot_manipulador_2/lib/mi_robot_manipulador_2/robot_manipulator_interface
/home/yaisa/Taller3/install/mi_robot_manipulador_2/lib/mi_robot_manipulador_2/robot_manipulator_planner
/home/yaisa/Taller3/install/mi_robot_manipulador_2/lib/mi_robot_manipulador_2/robot_manipulator_teleop
