[0.485s] DEBUG:colcon:Command line arguments: ['/usr/bin/colcon', 'build']
[0.485s] DEBUG:colcon:Parsed command line arguments: Namespace(log_base=None, log_level=None, verb_name='build', build_base='build', install_base='install', merge_install=False, symlink_install=False, test_result_base=None, continue_on_error=False, executor='parallel', parallel_workers=1, event_handlers=None, ignore_user_meta=False, metas=['./colcon.meta'], base_paths=['.'], packages_ignore=None, packages_ignore_regex=None, paths=None, packages_up_to=None, packages_up_to_regex=None, packages_above=None, packages_above_and_dependencies=None, packages_above_depth=None, packages_select_by_dep=None, packages_skip_by_dep=None, packages_skip_up_to=None, packages_select_build_failed=False, packages_skip_build_finished=False, packages_select_test_failures=False, packages_skip_test_passed=False, packages_select=None, packages_skip=None, packages_select_regex=None, packages_skip_regex=None, packages_start=None, packages_end=None, allow_overriding=[], cmake_args=None, cmake_target=None, cmake_target_skip_unavailable=False, cmake_clean_cache=False, cmake_clean_first=False, cmake_force_configure=False, ament_cmake_args=None, catkin_cmake_args=None, catkin_skip_building_tests=False, verb_parser=<colcon_defaults.argument_parser.defaults.DefaultArgumentsDecorator object at 0x7fe3165b36a0>, verb_extension=<colcon_core.verb.build.BuildVerb object at 0x7fe316e14580>, main=<bound method BuildVerb.main of <colcon_core.verb.build.BuildVerb object at 0x7fe316e14580>>)
[0.569s] Level 1:colcon.colcon_core.package_discovery:discover_packages(colcon_meta) check parameters
[0.570s] Level 1:colcon.colcon_core.package_discovery:discover_packages(recursive) check parameters
[0.571s] Level 1:colcon.colcon_core.package_discovery:discover_packages(ignore) check parameters
[0.571s] Level 1:colcon.colcon_core.package_discovery:discover_packages(path) check parameters
[0.572s] Level 1:colcon.colcon_core.package_discovery:discover_packages(colcon_meta) discover
[0.572s] Level 1:colcon.colcon_core.package_discovery:discover_packages(recursive) discover
[0.573s] INFO:colcon.colcon_core.package_discovery:Crawling recursively for packages in '/home/robotica/Taller3/mi_robot_manipulador_2'
[0.574s] Level 1:colcon.colcon_core.package_identification:_identify(.) by extensions ['ignore', 'ignore_ament_install']
[0.575s] Level 1:colcon.colcon_core.package_identification:_identify(.) by extension 'ignore'
[0.576s] Level 1:colcon.colcon_core.package_identification:_identify(.) by extension 'ignore_ament_install'
[0.576s] Level 1:colcon.colcon_core.package_identification:_identify(.) by extensions ['colcon_pkg']
[0.577s] Level 1:colcon.colcon_core.package_identification:_identify(.) by extension 'colcon_pkg'
[0.577s] Level 1:colcon.colcon_core.package_identification:_identify(.) by extensions ['colcon_meta']
[0.578s] Level 1:colcon.colcon_core.package_identification:_identify(.) by extension 'colcon_meta'
[0.578s] Level 1:colcon.colcon_core.package_identification:_identify(.) by extensions ['ros']
[0.578s] Level 1:colcon.colcon_core.package_identification:_identify(.) by extension 'ros'
[0.603s] Level 1:colcon.colcon_core.package_identification:_identify(.) by extensions ['cmake', 'python']
[0.604s] Level 1:colcon.colcon_core.package_identification:_identify(.) by extension 'cmake'
[0.604s] Level 1:colcon.colcon_core.package_identification:_identify(.) by extension 'python'
[0.604s] Level 1:colcon.colcon_core.package_identification:_identify(.) by extensions ['python_setup_py']
[0.605s] Level 1:colcon.colcon_core.package_identification:_identify(.) by extension 'python_setup_py'
[0.605s] Level 1:colcon.colcon_core.package_identification:_identify(build) by extensions ['ignore', 'ignore_ament_install']
[0.606s] Level 1:colcon.colcon_core.package_identification:_identify(build) by extension 'ignore'
[0.606s] Level 1:colcon.colcon_core.package_identification:_identify(build) ignored
[0.606s] Level 1:colcon.colcon_core.package_identification:_identify(install) by extensions ['ignore', 'ignore_ament_install']
[0.607s] Level 1:colcon.colcon_core.package_identification:_identify(install) by extension 'ignore'
[0.607s] Level 1:colcon.colcon_core.package_identification:_identify(install) ignored
[0.608s] Level 1:colcon.colcon_core.package_identification:_identify(log) by extensions ['ignore', 'ignore_ament_install']
[0.608s] Level 1:colcon.colcon_core.package_identification:_identify(log) by extension 'ignore'
[0.608s] Level 1:colcon.colcon_core.package_identification:_identify(log) ignored
[0.609s] Level 1:colcon.colcon_core.package_identification:_identify(src) by extensions ['ignore', 'ignore_ament_install']
[0.609s] Level 1:colcon.colcon_core.package_identification:_identify(src) by extension 'ignore'
[0.609s] Level 1:colcon.colcon_core.package_identification:_identify(src) by extension 'ignore_ament_install'
[0.610s] Level 1:colcon.colcon_core.package_identification:_identify(src) by extensions ['colcon_pkg']
[0.610s] Level 1:colcon.colcon_core.package_identification:_identify(src) by extension 'colcon_pkg'
[0.610s] Level 1:colcon.colcon_core.package_identification:_identify(src) by extensions ['colcon_meta']
[0.610s] Level 1:colcon.colcon_core.package_identification:_identify(src) by extension 'colcon_meta'
[0.611s] Level 1:colcon.colcon_core.package_identification:_identify(src) by extensions ['ros']
[0.611s] Level 1:colcon.colcon_core.package_identification:_identify(src) by extension 'ros'
[0.611s] Level 1:colcon.colcon_core.package_identification:_identify(src) by extensions ['cmake', 'python']
[0.612s] Level 1:colcon.colcon_core.package_identification:_identify(src) by extension 'cmake'
[0.612s] Level 1:colcon.colcon_core.package_identification:_identify(src) by extension 'python'
[0.612s] Level 1:colcon.colcon_core.package_identification:_identify(src) by extensions ['python_setup_py']
[0.612s] Level 1:colcon.colcon_core.package_identification:_identify(src) by extension 'python_setup_py'
[0.612s] Level 1:colcon.colcon_core.package_identification:_identify(src/mi_robot_manipulador_2) by extensions ['ignore', 'ignore_ament_install']
[0.612s] Level 1:colcon.colcon_core.package_identification:_identify(src/mi_robot_manipulador_2) by extension 'ignore'
[0.613s] Level 1:colcon.colcon_core.package_identification:_identify(src/mi_robot_manipulador_2) by extension 'ignore_ament_install'
[0.613s] Level 1:colcon.colcon_core.package_identification:_identify(src/mi_robot_manipulador_2) by extensions ['colcon_pkg']
[0.613s] Level 1:colcon.colcon_core.package_identification:_identify(src/mi_robot_manipulador_2) by extension 'colcon_pkg'
[0.613s] Level 1:colcon.colcon_core.package_identification:_identify(src/mi_robot_manipulador_2) by extensions ['colcon_meta']
[0.613s] Level 1:colcon.colcon_core.package_identification:_identify(src/mi_robot_manipulador_2) by extension 'colcon_meta'
[0.613s] Level 1:colcon.colcon_core.package_identification:_identify(src/mi_robot_manipulador_2) by extensions ['ros']
[0.613s] Level 1:colcon.colcon_core.package_identification:_identify(src/mi_robot_manipulador_2) by extension 'ros'
[0.617s] DEBUG:colcon.colcon_core.package_identification:Package 'src/mi_robot_manipulador_2' with type 'ros.ament_python' and name 'mi_robot_manipulador_2'
[0.617s] Level 1:colcon.colcon_core.package_discovery:discover_packages(recursive) using defaults
[0.618s] Level 1:colcon.colcon_core.package_discovery:discover_packages(ignore) discover
[0.618s] Level 1:colcon.colcon_core.package_discovery:discover_packages(ignore) using defaults
[0.618s] Level 1:colcon.colcon_core.package_discovery:discover_packages(path) discover
[0.618s] Level 1:colcon.colcon_core.package_discovery:discover_packages(path) using defaults
[0.667s] Level 1:colcon.colcon_core.package_discovery:discover_packages(prefix_path) check parameters
[0.667s] Level 1:colcon.colcon_core.package_discovery:discover_packages(prefix_path) discover
[0.671s] DEBUG:colcon.colcon_installed_package_information.package_discovery:Found 1 installed packages in /home/robotica/Taller3/mi_robot_manipulador_2/install
[0.675s] DEBUG:colcon.colcon_installed_package_information.package_discovery:Found 270 installed packages in /opt/ros/humble
[0.678s] Level 1:colcon.colcon_core.package_discovery:discover_packages(prefix_path) using defaults
[0.770s] Level 5:colcon.colcon_core.verb:set package 'mi_robot_manipulador_2' build argument 'cmake_args' from command line to 'None'
[0.770s] Level 5:colcon.colcon_core.verb:set package 'mi_robot_manipulador_2' build argument 'cmake_target' from command line to 'None'
[0.771s] Level 5:colcon.colcon_core.verb:set package 'mi_robot_manipulador_2' build argument 'cmake_target_skip_unavailable' from command line to 'False'
[0.771s] Level 5:colcon.colcon_core.verb:set package 'mi_robot_manipulador_2' build argument 'cmake_clean_cache' from command line to 'False'
[0.771s] Level 5:colcon.colcon_core.verb:set package 'mi_robot_manipulador_2' build argument 'cmake_clean_first' from command line to 'False'
[0.772s] Level 5:colcon.colcon_core.verb:set package 'mi_robot_manipulador_2' build argument 'cmake_force_configure' from command line to 'False'
[0.772s] Level 5:colcon.colcon_core.verb:set package 'mi_robot_manipulador_2' build argument 'ament_cmake_args' from command line to 'None'
[0.772s] Level 5:colcon.colcon_core.verb:set package 'mi_robot_manipulador_2' build argument 'catkin_cmake_args' from command line to 'None'
[0.773s] Level 5:colcon.colcon_core.verb:set package 'mi_robot_manipulador_2' build argument 'catkin_skip_building_tests' from command line to 'False'
[0.773s] DEBUG:colcon.colcon_core.verb:Building package 'mi_robot_manipulador_2' with the following arguments: {'ament_cmake_args': None, 'build_base': '/home/robotica/Taller3/mi_robot_manipulador_2/build/mi_robot_manipulador_2', 'catkin_cmake_args': None, 'catkin_skip_building_tests': False, 'cmake_args': None, 'cmake_clean_cache': False, 'cmake_clean_first': False, 'cmake_force_configure': False, 'cmake_target': None, 'cmake_target_skip_unavailable': False, 'install_base': '/home/robotica/Taller3/mi_robot_manipulador_2/install/mi_robot_manipulador_2', 'merge_install': False, 'path': '/home/robotica/Taller3/mi_robot_manipulador_2/src/mi_robot_manipulador_2', 'symlink_install': False, 'test_result_base': None}
[0.775s] INFO:colcon.colcon_core.executor:Executing jobs using 'parallel' executor
[0.781s] DEBUG:colcon.colcon_parallel_executor.executor.parallel:run_until_complete
[0.782s] INFO:colcon.colcon_ros.task.ament_python.build:Building ROS package in '/home/robotica/Taller3/mi_robot_manipulador_2/src/mi_robot_manipulador_2' with build type 'ament_python'
[0.782s] Level 1:colcon.colcon_core.shell:create_environment_hook('mi_robot_manipulador_2', 'ament_prefix_path')
[0.794s] INFO:colcon.colcon_core.plugin_system:Skipping extension 'colcon_core.shell.bat': Not used on non-Windows systems
[0.795s] INFO:colcon.colcon_core.shell:Creating environment hook '/home/robotica/Taller3/mi_robot_manipulador_2/install/mi_robot_manipulador_2/share/mi_robot_manipulador_2/hook/ament_prefix_path.ps1'
[0.805s] INFO:colcon.colcon_core.shell:Creating environment descriptor '/home/robotica/Taller3/mi_robot_manipulador_2/install/mi_robot_manipulador_2/share/mi_robot_manipulador_2/hook/ament_prefix_path.dsv'
[0.808s] INFO:colcon.colcon_core.shell:Creating environment hook '/home/robotica/Taller3/mi_robot_manipulador_2/install/mi_robot_manipulador_2/share/mi_robot_manipulador_2/hook/ament_prefix_path.sh'
[0.813s] INFO:colcon.colcon_core.shell:Skip shell extension 'powershell' for command environment: Not usable outside of PowerShell
[0.813s] DEBUG:colcon.colcon_core.shell:Skip shell extension 'dsv' for command environment
[1.696s] INFO:colcon.colcon_core.task.python.build:Building Python package in '/home/robotica/Taller3/mi_robot_manipulador_2/src/mi_robot_manipulador_2'
[1.699s] INFO:colcon.colcon_core.shell:Skip shell extension 'powershell' for command environment: Not usable outside of PowerShell
[1.700s] DEBUG:colcon.colcon_core.shell:Skip shell extension 'dsv' for command environment
[2.405s] DEBUG:colcon.colcon_core.event_handler.log_command:Invoking command in '/home/robotica/Taller3/mi_robot_manipulador_2/src/mi_robot_manipulador_2': PYTHONPATH=/home/robotica/Taller3/mi_robot_manipulador_2/build/mi_robot_manipulador_2/prefix_override:/home/robotica/Taller3/mi_robot_manipulador_2/install/mi_robot_manipulador_2/lib/python3.10/site-packages:${PYTHONPATH} /usr/bin/python3 setup.py egg_info --egg-base ../../build/mi_robot_manipulador_2 build --build-base /home/robotica/Taller3/mi_robot_manipulador_2/build/mi_robot_manipulador_2/build install --record /home/robotica/Taller3/mi_robot_manipulador_2/build/mi_robot_manipulador_2/install.log --single-version-externally-managed
[3.191s] DEBUG:colcon.colcon_core.event_handler.log_command:Invoked command in '/home/robotica/Taller3/mi_robot_manipulador_2/src/mi_robot_manipulador_2' returned '0': PYTHONPATH=/home/robotica/Taller3/mi_robot_manipulador_2/build/mi_robot_manipulador_2/prefix_override:/home/robotica/Taller3/mi_robot_manipulador_2/install/mi_robot_manipulador_2/lib/python3.10/site-packages:${PYTHONPATH} /usr/bin/python3 setup.py egg_info --egg-base ../../build/mi_robot_manipulador_2 build --build-base /home/robotica/Taller3/mi_robot_manipulador_2/build/mi_robot_manipulador_2/build install --record /home/robotica/Taller3/mi_robot_manipulador_2/build/mi_robot_manipulador_2/install.log --single-version-externally-managed
[3.198s] Level 1:colcon.colcon_core.environment:checking '/home/robotica/Taller3/mi_robot_manipulador_2/install/mi_robot_manipulador_2' for CMake module files
[3.199s] Level 1:colcon.colcon_core.environment:checking '/home/robotica/Taller3/mi_robot_manipulador_2/install/mi_robot_manipulador_2' for CMake config files
[3.200s] Level 1:colcon.colcon_core.environment:checking '/home/robotica/Taller3/mi_robot_manipulador_2/install/mi_robot_manipulador_2/lib'
[3.201s] Level 1:colcon.colcon_core.environment:checking '/home/robotica/Taller3/mi_robot_manipulador_2/install/mi_robot_manipulador_2/bin'
[3.201s] Level 1:colcon.colcon_core.environment:checking '/home/robotica/Taller3/mi_robot_manipulador_2/install/mi_robot_manipulador_2/lib/pkgconfig/mi_robot_manipulador_2.pc'
[3.202s] Level 1:colcon.colcon_core.environment:checking '/home/robotica/Taller3/mi_robot_manipulador_2/install/mi_robot_manipulador_2/lib/python3.10/site-packages'
[3.202s] Level 1:colcon.colcon_core.shell:create_environment_hook('mi_robot_manipulador_2', 'pythonpath')
[3.207s] INFO:colcon.colcon_core.shell:Creating environment hook '/home/robotica/Taller3/mi_robot_manipulador_2/install/mi_robot_manipulador_2/share/mi_robot_manipulador_2/hook/pythonpath.ps1'
[3.210s] INFO:colcon.colcon_core.shell:Creating environment descriptor '/home/robotica/Taller3/mi_robot_manipulador_2/install/mi_robot_manipulador_2/share/mi_robot_manipulador_2/hook/pythonpath.dsv'
[3.215s] INFO:colcon.colcon_core.shell:Creating environment hook '/home/robotica/Taller3/mi_robot_manipulador_2/install/mi_robot_manipulador_2/share/mi_robot_manipulador_2/hook/pythonpath.sh'
[3.217s] Level 1:colcon.colcon_core.environment:checking '/home/robotica/Taller3/mi_robot_manipulador_2/install/mi_robot_manipulador_2/bin'
[3.217s] Level 1:colcon.colcon_core.environment:create_environment_scripts_only(mi_robot_manipulador_2)
[3.219s] INFO:colcon.colcon_core.shell:Creating package script '/home/robotica/Taller3/mi_robot_manipulador_2/install/mi_robot_manipulador_2/share/mi_robot_manipulador_2/package.ps1'
[3.222s] INFO:colcon.colcon_core.shell:Creating package descriptor '/home/robotica/Taller3/mi_robot_manipulador_2/install/mi_robot_manipulador_2/share/mi_robot_manipulador_2/package.dsv'
[3.224s] INFO:colcon.colcon_core.shell:Creating package script '/home/robotica/Taller3/mi_robot_manipulador_2/install/mi_robot_manipulador_2/share/mi_robot_manipulador_2/package.sh'
[3.226s] INFO:colcon.colcon_core.shell:Creating package script '/home/robotica/Taller3/mi_robot_manipulador_2/install/mi_robot_manipulador_2/share/mi_robot_manipulador_2/package.bash'
[3.229s] INFO:colcon.colcon_core.shell:Creating package script '/home/robotica/Taller3/mi_robot_manipulador_2/install/mi_robot_manipulador_2/share/mi_robot_manipulador_2/package.zsh'
[3.231s] Level 1:colcon.colcon_core.environment:create_file_with_runtime_dependencies(/home/robotica/Taller3/mi_robot_manipulador_2/install/mi_robot_manipulador_2/share/colcon-core/packages/mi_robot_manipulador_2)
[3.234s] DEBUG:colcon.colcon_parallel_executor.executor.parallel:closing loop
[3.234s] DEBUG:colcon.colcon_parallel_executor.executor.parallel:loop closed
[3.235s] DEBUG:colcon.colcon_parallel_executor.executor.parallel:run_until_complete finished with '0'
[3.235s] DEBUG:colcon.colcon_core.event_reactor:joining thread
[3.242s] INFO:colcon.colcon_core.plugin_system:Skipping extension 'colcon_notification.desktop_notification.terminal_notifier': Not used on non-Darwin systems
[3.243s] INFO:colcon.colcon_core.plugin_system:Skipping extension 'colcon_notification.desktop_notification.win32': Not used on non-Windows systems
[3.243s] INFO:colcon.colcon_notification.desktop_notification:Sending desktop notification using 'notify2'
[3.278s] DEBUG:colcon.colcon_core.event_reactor:joined thread
[3.280s] INFO:colcon.colcon_core.shell:Creating prefix script '/home/robotica/Taller3/mi_robot_manipulador_2/install/local_setup.ps1'
[3.284s] INFO:colcon.colcon_core.shell:Creating prefix util module '/home/robotica/Taller3/mi_robot_manipulador_2/install/_local_setup_util_ps1.py'
[3.286s] INFO:colcon.colcon_core.shell:Creating prefix chain script '/home/robotica/Taller3/mi_robot_manipulador_2/install/setup.ps1'
[3.296s] INFO:colcon.colcon_core.shell:Creating prefix script '/home/robotica/Taller3/mi_robot_manipulador_2/install/local_setup.sh'
[3.297s] INFO:colcon.colcon_core.shell:Creating prefix util module '/home/robotica/Taller3/mi_robot_manipulador_2/install/_local_setup_util_sh.py'
[3.299s] INFO:colcon.colcon_core.shell:Creating prefix chain script '/home/robotica/Taller3/mi_robot_manipulador_2/install/setup.sh'
[3.307s] INFO:colcon.colcon_core.shell:Creating prefix script '/home/robotica/Taller3/mi_robot_manipulador_2/install/local_setup.bash'
[3.313s] INFO:colcon.colcon_core.shell:Creating prefix chain script '/home/robotica/Taller3/mi_robot_manipulador_2/install/setup.bash'
[3.320s] INFO:colcon.colcon_core.shell:Creating prefix script '/home/robotica/Taller3/mi_robot_manipulador_2/install/local_setup.zsh'
[3.322s] INFO:colcon.colcon_core.shell:Creating prefix chain script '/home/robotica/Taller3/mi_robot_manipulador_2/install/setup.zsh'
