[2.155s] DEBUG:colcon:Command line arguments: ['/usr/bin/colcon', 'build']
[2.156s] DEBUG:colcon:Parsed command line arguments: Namespace(log_base=None, log_level=None, verb_name='build', build_base='build', install_base='install', merge_install=False, symlink_install=False, test_result_base=None, continue_on_error=False, executor='parallel', parallel_workers=1, event_handlers=None, ignore_user_meta=False, metas=['./colcon.meta'], base_paths=['.'], packages_ignore=None, packages_ignore_regex=None, paths=None, packages_up_to=None, packages_up_to_regex=None, packages_above=None, packages_above_and_dependencies=None, packages_above_depth=None, packages_select_by_dep=None, packages_skip_by_dep=None, packages_skip_up_to=None, packages_select_build_failed=False, packages_skip_build_finished=False, packages_select_test_failures=False, packages_skip_test_passed=False, packages_select=None, packages_skip=None, packages_select_regex=None, packages_skip_regex=None, packages_start=None, packages_end=None, allow_overriding=[], cmake_args=None, cmake_target=None, cmake_target_skip_unavailable=False, cmake_clean_cache=False, cmake_clean_first=False, cmake_force_configure=False, ament_cmake_args=None, catkin_cmake_args=None, catkin_skip_building_tests=False, verb_parser=<colcon_defaults.argument_parser.defaults.DefaultArgumentsDecorator object at 0x7fd604db3250>, verb_extension=<colcon_core.verb.build.BuildVerb object at 0x7fd60564cf40>, main=<bound method BuildVerb.main of <colcon_core.verb.build.BuildVerb object at 0x7fd60564cf40>>)
[2.363s] Level 1:colcon.colcon_core.package_discovery:discover_packages(colcon_meta) check parameters
[2.363s] Level 1:colcon.colcon_core.package_discovery:discover_packages(recursive) check parameters
[2.364s] Level 1:colcon.colcon_core.package_discovery:discover_packages(ignore) check parameters
[2.364s] Level 1:colcon.colcon_core.package_discovery:discover_packages(path) check parameters
[2.364s] Level 1:colcon.colcon_core.package_discovery:discover_packages(colcon_meta) discover
[2.364s] Level 1:colcon.colcon_core.package_discovery:discover_packages(recursive) discover
[2.364s] INFO:colcon.colcon_core.package_discovery:Crawling recursively for packages in '/home/robotica/Taller3/mi_robot_manipulador_2'
[2.364s] Level 1:colcon.colcon_core.package_identification:_identify(.) by extensions ['ignore', 'ignore_ament_install']
[2.365s] Level 1:colcon.colcon_core.package_identification:_identify(.) by extension 'ignore'
[2.365s] Level 1:colcon.colcon_core.package_identification:_identify(.) by extension 'ignore_ament_install'
[2.365s] Level 1:colcon.colcon_core.package_identification:_identify(.) by extensions ['colcon_pkg']
[2.365s] Level 1:colcon.colcon_core.package_identification:_identify(.) by extension 'colcon_pkg'
[2.365s] Level 1:colcon.colcon_core.package_identification:_identify(.) by extensions ['colcon_meta']
[2.366s] Level 1:colcon.colcon_core.package_identification:_identify(.) by extension 'colcon_meta'
[2.366s] Level 1:colcon.colcon_core.package_identification:_identify(.) by extensions ['ros']
[2.366s] Level 1:colcon.colcon_core.package_identification:_identify(.) by extension 'ros'
[2.420s] Level 1:colcon.colcon_core.package_identification:_identify(.) by extensions ['cmake', 'python']
[2.420s] Level 1:colcon.colcon_core.package_identification:_identify(.) by extension 'cmake'
[2.420s] Level 1:colcon.colcon_core.package_identification:_identify(.) by extension 'python'
[2.421s] Level 1:colcon.colcon_core.package_identification:_identify(.) by extensions ['python_setup_py']
[2.421s] Level 1:colcon.colcon_core.package_identification:_identify(.) by extension 'python_setup_py'
[2.421s] Level 1:colcon.colcon_core.package_identification:_identify(build) by extensions ['ignore', 'ignore_ament_install']
[2.421s] Level 1:colcon.colcon_core.package_identification:_identify(build) by extension 'ignore'
[2.422s] Level 1:colcon.colcon_core.package_identification:_identify(build) ignored
[2.422s] Level 1:colcon.colcon_core.package_identification:_identify(install) by extensions ['ignore', 'ignore_ament_install']
[2.422s] Level 1:colcon.colcon_core.package_identification:_identify(install) by extension 'ignore'
[2.422s] Level 1:colcon.colcon_core.package_identification:_identify(install) ignored
[2.423s] Level 1:colcon.colcon_core.package_identification:_identify(log) by extensions ['ignore', 'ignore_ament_install']
[2.423s] Level 1:colcon.colcon_core.package_identification:_identify(log) by extension 'ignore'
[2.423s] Level 1:colcon.colcon_core.package_identification:_identify(log) ignored
[2.425s] Level 1:colcon.colcon_core.package_identification:_identify(src) by extensions ['ignore', 'ignore_ament_install']
[2.425s] Level 1:colcon.colcon_core.package_identification:_identify(src) by extension 'ignore'
[2.425s] Level 1:colcon.colcon_core.package_identification:_identify(src) by extension 'ignore_ament_install'
[2.425s] Level 1:colcon.colcon_core.package_identification:_identify(src) by extensions ['colcon_pkg']
[2.426s] Level 1:colcon.colcon_core.package_identification:_identify(src) by extension 'colcon_pkg'
[2.426s] Level 1:colcon.colcon_core.package_identification:_identify(src) by extensions ['colcon_meta']
[2.426s] Level 1:colcon.colcon_core.package_identification:_identify(src) by extension 'colcon_meta'
[2.426s] Level 1:colcon.colcon_core.package_identification:_identify(src) by extensions ['ros']
[2.426s] Level 1:colcon.colcon_core.package_identification:_identify(src) by extension 'ros'
[2.426s] Level 1:colcon.colcon_core.package_identification:_identify(src) by extensions ['cmake', 'python']
[2.427s] Level 1:colcon.colcon_core.package_identification:_identify(src) by extension 'cmake'
[2.427s] Level 1:colcon.colcon_core.package_identification:_identify(src) by extension 'python'
[2.427s] Level 1:colcon.colcon_core.package_identification:_identify(src) by extensions ['python_setup_py']
[2.427s] Level 1:colcon.colcon_core.package_identification:_identify(src) by extension 'python_setup_py'
[2.429s] Level 1:colcon.colcon_core.package_identification:_identify(src/mi_robot_manipulador_2) by extensions ['ignore', 'ignore_ament_install']
[2.429s] Level 1:colcon.colcon_core.package_identification:_identify(src/mi_robot_manipulador_2) by extension 'ignore'
[2.429s] Level 1:colcon.colcon_core.package_identification:_identify(src/mi_robot_manipulador_2) by extension 'ignore_ament_install'
[2.430s] Level 1:colcon.colcon_core.package_identification:_identify(src/mi_robot_manipulador_2) by extensions ['colcon_pkg']
[2.430s] Level 1:colcon.colcon_core.package_identification:_identify(src/mi_robot_manipulador_2) by extension 'colcon_pkg'
[2.430s] Level 1:colcon.colcon_core.package_identification:_identify(src/mi_robot_manipulador_2) by extensions ['colcon_meta']
[2.430s] Level 1:colcon.colcon_core.package_identification:_identify(src/mi_robot_manipulador_2) by extension 'colcon_meta'
[2.430s] Level 1:colcon.colcon_core.package_identification:_identify(src/mi_robot_manipulador_2) by extensions ['ros']
[2.430s] Level 1:colcon.colcon_core.package_identification:_identify(src/mi_robot_manipulador_2) by extension 'ros'
[2.442s] DEBUG:colcon.colcon_core.package_identification:Package 'src/mi_robot_manipulador_2' with type 'ros.ament_python' and name 'mi_robot_manipulador_2'
[2.442s] Level 1:colcon.colcon_core.package_discovery:discover_packages(recursive) using defaults
[2.443s] Level 1:colcon.colcon_core.package_discovery:discover_packages(ignore) discover
[2.443s] Level 1:colcon.colcon_core.package_discovery:discover_packages(ignore) using defaults
[2.443s] Level 1:colcon.colcon_core.package_discovery:discover_packages(path) discover
[2.443s] Level 1:colcon.colcon_core.package_discovery:discover_packages(path) using defaults
[2.566s] Level 1:colcon.colcon_core.package_discovery:discover_packages(prefix_path) check parameters
[2.566s] Level 1:colcon.colcon_core.package_discovery:discover_packages(prefix_path) discover
[2.585s] DEBUG:colcon.colcon_installed_package_information.package_discovery:Found 270 installed packages in /opt/ros/humble
[2.592s] Level 1:colcon.colcon_core.package_discovery:discover_packages(prefix_path) using defaults
[2.779s] Level 5:colcon.colcon_core.verb:set package 'mi_robot_manipulador_2' build argument 'cmake_args' from command line to 'None'
[2.779s] Level 5:colcon.colcon_core.verb:set package 'mi_robot_manipulador_2' build argument 'cmake_target' from command line to 'None'
[2.779s] Level 5:colcon.colcon_core.verb:set package 'mi_robot_manipulador_2' build argument 'cmake_target_skip_unavailable' from command line to 'False'
[2.779s] Level 5:colcon.colcon_core.verb:set package 'mi_robot_manipulador_2' build argument 'cmake_clean_cache' from command line to 'False'
[2.780s] Level 5:colcon.colcon_core.verb:set package 'mi_robot_manipulador_2' build argument 'cmake_clean_first' from command line to 'False'
[2.780s] Level 5:colcon.colcon_core.verb:set package 'mi_robot_manipulador_2' build argument 'cmake_force_configure' from command line to 'False'
[2.780s] Level 5:colcon.colcon_core.verb:set package 'mi_robot_manipulador_2' build argument 'ament_cmake_args' from command line to 'None'
[2.780s] Level 5:colcon.colcon_core.verb:set package 'mi_robot_manipulador_2' build argument 'catkin_cmake_args' from command line to 'None'
[2.780s] Level 5:colcon.colcon_core.verb:set package 'mi_robot_manipulador_2' build argument 'catkin_skip_building_tests' from command line to 'False'
[2.780s] DEBUG:colcon.colcon_core.verb:Building package 'mi_robot_manipulador_2' with the following arguments: {'ament_cmake_args': None, 'build_base': '/home/robotica/Taller3/mi_robot_manipulador_2/build/mi_robot_manipulador_2', 'catkin_cmake_args': None, 'catkin_skip_building_tests': False, 'cmake_args': None, 'cmake_clean_cache': False, 'cmake_clean_first': False, 'cmake_force_configure': False, 'cmake_target': None, 'cmake_target_skip_unavailable': False, 'install_base': '/home/robotica/Taller3/mi_robot_manipulador_2/install/mi_robot_manipulador_2', 'merge_install': False, 'path': '/home/robotica/Taller3/mi_robot_manipulador_2/src/mi_robot_manipulador_2', 'symlink_install': False, 'test_result_base': None}
[2.781s] INFO:colcon.colcon_core.executor:Executing jobs using 'parallel' executor
[2.791s] DEBUG:colcon.colcon_parallel_executor.executor.parallel:run_until_complete
[2.792s] INFO:colcon.colcon_ros.task.ament_python.build:Building ROS package in '/home/robotica/Taller3/mi_robot_manipulador_2/src/mi_robot_manipulador_2' with build type 'ament_python'
[2.792s] Level 1:colcon.colcon_core.shell:create_environment_hook('mi_robot_manipulador_2', 'ament_prefix_path')
[2.857s] INFO:colcon.colcon_core.plugin_system:Skipping extension 'colcon_core.shell.bat': Not used on non-Windows systems
[2.858s] INFO:colcon.colcon_core.shell:Creating environment hook '/home/robotica/Taller3/mi_robot_manipulador_2/install/mi_robot_manipulador_2/share/mi_robot_manipulador_2/hook/ament_prefix_path.ps1'
[2.864s] INFO:colcon.colcon_core.shell:Creating environment descriptor '/home/robotica/Taller3/mi_robot_manipulador_2/install/mi_robot_manipulador_2/share/mi_robot_manipulador_2/hook/ament_prefix_path.dsv'
[2.866s] INFO:colcon.colcon_core.shell:Creating environment hook '/home/robotica/Taller3/mi_robot_manipulador_2/install/mi_robot_manipulador_2/share/mi_robot_manipulador_2/hook/ament_prefix_path.sh'
[2.891s] INFO:colcon.colcon_core.shell:Skip shell extension 'powershell' for command environment: Not usable outside of PowerShell
[2.891s] DEBUG:colcon.colcon_core.shell:Skip shell extension 'dsv' for command environment
[3.937s] INFO:colcon.colcon_core.task.python.build:Building Python package in '/home/robotica/Taller3/mi_robot_manipulador_2/src/mi_robot_manipulador_2'
[3.940s] INFO:colcon.colcon_core.shell:Skip shell extension 'powershell' for command environment: Not usable outside of PowerShell
[3.940s] DEBUG:colcon.colcon_core.shell:Skip shell extension 'dsv' for command environment
[5.316s] DEBUG:colcon.colcon_core.event_handler.log_command:Invoking command in '/home/robotica/Taller3/mi_robot_manipulador_2/src/mi_robot_manipulador_2': PYTHONPATH=/home/robotica/Taller3/mi_robot_manipulador_2/build/mi_robot_manipulador_2/prefix_override:/home/robotica/Taller3/mi_robot_manipulador_2/install/mi_robot_manipulador_2/lib/python3.10/site-packages:${PYTHONPATH} /usr/bin/python3 setup.py egg_info --egg-base ../../build/mi_robot_manipulador_2 build --build-base /home/robotica/Taller3/mi_robot_manipulador_2/build/mi_robot_manipulador_2/build install --record /home/robotica/Taller3/mi_robot_manipulador_2/build/mi_robot_manipulador_2/install.log --single-version-externally-managed
[6.238s] DEBUG:colcon.colcon_core.event_handler.log_command:Invoked command in '/home/robotica/Taller3/mi_robot_manipulador_2/src/mi_robot_manipulador_2' returned '0': PYTHONPATH=/home/robotica/Taller3/mi_robot_manipulador_2/build/mi_robot_manipulador_2/prefix_override:/home/robotica/Taller3/mi_robot_manipulador_2/install/mi_robot_manipulador_2/lib/python3.10/site-packages:${PYTHONPATH} /usr/bin/python3 setup.py egg_info --egg-base ../../build/mi_robot_manipulador_2 build --build-base /home/robotica/Taller3/mi_robot_manipulador_2/build/mi_robot_manipulador_2/build install --record /home/robotica/Taller3/mi_robot_manipulador_2/build/mi_robot_manipulador_2/install.log --single-version-externally-managed
[6.276s] Level 1:colcon.colcon_core.environment:checking '/home/robotica/Taller3/mi_robot_manipulador_2/install/mi_robot_manipulador_2' for CMake module files
[6.278s] Level 1:colcon.colcon_core.environment:checking '/home/robotica/Taller3/mi_robot_manipulador_2/install/mi_robot_manipulador_2' for CMake config files
[6.281s] Level 1:colcon.colcon_core.environment:checking '/home/robotica/Taller3/mi_robot_manipulador_2/install/mi_robot_manipulador_2/lib'
[6.282s] Level 1:colcon.colcon_core.environment:checking '/home/robotica/Taller3/mi_robot_manipulador_2/install/mi_robot_manipulador_2/bin'
[6.282s] Level 1:colcon.colcon_core.environment:checking '/home/robotica/Taller3/mi_robot_manipulador_2/install/mi_robot_manipulador_2/lib/pkgconfig/mi_robot_manipulador_2.pc'
[6.283s] Level 1:colcon.colcon_core.environment:checking '/home/robotica/Taller3/mi_robot_manipulador_2/install/mi_robot_manipulador_2/lib/python3.10/site-packages'
[6.283s] Level 1:colcon.colcon_core.shell:create_environment_hook('mi_robot_manipulador_2', 'pythonpath')
[6.287s] INFO:colcon.colcon_core.shell:Creating environment hook '/home/robotica/Taller3/mi_robot_manipulador_2/install/mi_robot_manipulador_2/share/mi_robot_manipulador_2/hook/pythonpath.ps1'
[6.288s] INFO:colcon.colcon_core.shell:Creating environment descriptor '/home/robotica/Taller3/mi_robot_manipulador_2/install/mi_robot_manipulador_2/share/mi_robot_manipulador_2/hook/pythonpath.dsv'
[6.290s] INFO:colcon.colcon_core.shell:Creating environment hook '/home/robotica/Taller3/mi_robot_manipulador_2/install/mi_robot_manipulador_2/share/mi_robot_manipulador_2/hook/pythonpath.sh'
[6.292s] Level 1:colcon.colcon_core.environment:checking '/home/robotica/Taller3/mi_robot_manipulador_2/install/mi_robot_manipulador_2/bin'
[6.292s] Level 1:colcon.colcon_core.environment:create_environment_scripts_only(mi_robot_manipulador_2)
[6.296s] INFO:colcon.colcon_core.shell:Creating package script '/home/robotica/Taller3/mi_robot_manipulador_2/install/mi_robot_manipulador_2/share/mi_robot_manipulador_2/package.ps1'
[6.300s] INFO:colcon.colcon_core.shell:Creating package descriptor '/home/robotica/Taller3/mi_robot_manipulador_2/install/mi_robot_manipulador_2/share/mi_robot_manipulador_2/package.dsv'
[6.303s] INFO:colcon.colcon_core.shell:Creating package script '/home/robotica/Taller3/mi_robot_manipulador_2/install/mi_robot_manipulador_2/share/mi_robot_manipulador_2/package.sh'
[6.306s] INFO:colcon.colcon_core.shell:Creating package script '/home/robotica/Taller3/mi_robot_manipulador_2/install/mi_robot_manipulador_2/share/mi_robot_manipulador_2/package.bash'
[6.310s] INFO:colcon.colcon_core.shell:Creating package script '/home/robotica/Taller3/mi_robot_manipulador_2/install/mi_robot_manipulador_2/share/mi_robot_manipulador_2/package.zsh'
[6.314s] Level 1:colcon.colcon_core.environment:create_file_with_runtime_dependencies(/home/robotica/Taller3/mi_robot_manipulador_2/install/mi_robot_manipulador_2/share/colcon-core/packages/mi_robot_manipulador_2)
[6.316s] DEBUG:colcon.colcon_parallel_executor.executor.parallel:closing loop
[6.317s] DEBUG:colcon.colcon_parallel_executor.executor.parallel:loop closed
[6.317s] DEBUG:colcon.colcon_parallel_executor.executor.parallel:run_until_complete finished with '0'
[6.317s] DEBUG:colcon.colcon_core.event_reactor:joining thread
[6.349s] INFO:colcon.colcon_core.plugin_system:Skipping extension 'colcon_notification.desktop_notification.terminal_notifier': Not used on non-Darwin systems
[6.352s] INFO:colcon.colcon_core.plugin_system:Skipping extension 'colcon_notification.desktop_notification.win32': Not used on non-Windows systems
[6.353s] INFO:colcon.colcon_notification.desktop_notification:Sending desktop notification using 'notify2'
[6.428s] DEBUG:colcon.colcon_core.event_reactor:joined thread
[6.431s] INFO:colcon.colcon_core.shell:Creating prefix script '/home/robotica/Taller3/mi_robot_manipulador_2/install/local_setup.ps1'
[6.439s] INFO:colcon.colcon_core.shell:Creating prefix util module '/home/robotica/Taller3/mi_robot_manipulador_2/install/_local_setup_util_ps1.py'
[6.450s] INFO:colcon.colcon_core.shell:Creating prefix chain script '/home/robotica/Taller3/mi_robot_manipulador_2/install/setup.ps1'
[6.455s] INFO:colcon.colcon_core.shell:Creating prefix script '/home/robotica/Taller3/mi_robot_manipulador_2/install/local_setup.sh'
[6.459s] INFO:colcon.colcon_core.shell:Creating prefix util module '/home/robotica/Taller3/mi_robot_manipulador_2/install/_local_setup_util_sh.py'
[6.461s] INFO:colcon.colcon_core.shell:Creating prefix chain script '/home/robotica/Taller3/mi_robot_manipulador_2/install/setup.sh'
[6.469s] INFO:colcon.colcon_core.shell:Creating prefix script '/home/robotica/Taller3/mi_robot_manipulador_2/install/local_setup.bash'
[6.474s] INFO:colcon.colcon_core.shell:Creating prefix chain script '/home/robotica/Taller3/mi_robot_manipulador_2/install/setup.bash'
[6.481s] INFO:colcon.colcon_core.shell:Creating prefix script '/home/robotica/Taller3/mi_robot_manipulador_2/install/local_setup.zsh'
[6.483s] INFO:colcon.colcon_core.shell:Creating prefix chain script '/home/robotica/Taller3/mi_robot_manipulador_2/install/setup.zsh'
