[1.203s] Invoking command in '/home/robotica/Taller3/mi_robot_manipulador_2/src/mi_robot_manipulador_2': PYTHONPATH=/home/robotica/Taller3/mi_robot_manipulador_2/build/mi_robot_manipulador_2/prefix_override:/home/robotica/Taller3/mi_robot_manipulador_2/install/mi_robot_manipulador_2/lib/python3.10/site-packages:${PYTHONPATH} /usr/bin/python3 setup.py egg_info --egg-base ../../build/mi_robot_manipulador_2 build --build-base /home/robotica/Taller3/mi_robot_manipulador_2/build/mi_robot_manipulador_2/build install --record /home/robotica/Taller3/mi_robot_manipulador_2/build/mi_robot_manipulador_2/install.log --single-version-externally-managed
[1.610s] running egg_info
[1.614s] writing ../../build/mi_robot_manipulador_2/mi_robot_manipulador_2.egg-info/PKG-INFO
[1.617s] writing dependency_links to ../../build/mi_robot_manipulador_2/mi_robot_manipulador_2.egg-info/dependency_links.txt
[1.622s] writing entry points to ../../build/mi_robot_manipulador_2/mi_robot_manipulador_2.egg-info/entry_points.txt
[1.622s] writing requirements to ../../build/mi_robot_manipulador_2/mi_robot_manipulador_2.egg-info/requires.txt
[1.624s] writing top-level names to ../../build/mi_robot_manipulador_2/mi_robot_manipulador_2.egg-info/top_level.txt
[1.631s] reading manifest file '../../build/mi_robot_manipulador_2/mi_robot_manipulador_2.egg-info/SOURCES.txt'
[1.635s] writing manifest file '../../build/mi_robot_manipulador_2/mi_robot_manipulador_2.egg-info/SOURCES.txt'
[1.637s] running build
[1.638s] running build_py
[1.642s] copying mi_robot_manipulador_2/robot_manipulator_teleop.py -> /home/robotica/Taller3/mi_robot_manipulador_2/build/mi_robot_manipulador_2/build/lib/mi_robot_manipulador_2
[1.644s] running install
[1.646s] /usr/lib/python3/dist-packages/setuptools/command/install.py:34: SetuptoolsDeprecationWarning: setup.py install is deprecated. Use build and pip and other standards-based tools.
[1.646s]   warnings.warn(
[1.648s] running install_lib
[1.652s] copying /home/robotica/Taller3/mi_robot_manipulador_2/build/mi_robot_manipulador_2/build/lib/mi_robot_manipulador_2/robot_manipulator_teleop.py -> /home/robotica/Taller3/mi_robot_manipulador_2/install/mi_robot_manipulador_2/lib/python3.10/site-packages/mi_robot_manipulador_2
[1.653s] byte-compiling /home/robotica/Taller3/mi_robot_manipulador_2/install/mi_robot_manipulador_2/lib/python3.10/site-packages/mi_robot_manipulador_2/robot_manipulator_teleop.py to robot_manipulator_teleop.cpython-310.pyc
[1.656s] running install_data
[1.659s] running install_egg_info
[1.663s] removing '/home/robotica/Taller3/mi_robot_manipulador_2/install/mi_robot_manipulador_2/lib/python3.10/site-packages/mi_robot_manipulador_2-0.0.0-py3.10.egg-info' (and everything under it)
[1.668s] Copying ../../build/mi_robot_manipulador_2/mi_robot_manipulador_2.egg-info to /home/robotica/Taller3/mi_robot_manipulador_2/install/mi_robot_manipulador_2/lib/python3.10/site-packages/mi_robot_manipulador_2-0.0.0-py3.10.egg-info
[1.671s] running install_scripts
[1.731s] Installing robot_manipulator_teleop script to /home/robotica/Taller3/mi_robot_manipulador_2/install/mi_robot_manipulador_2/lib/mi_robot_manipulador_2
[1.734s] Installing robot_manipulator_teleop_test script to /home/robotica/Taller3/mi_robot_manipulador_2/install/mi_robot_manipulador_2/lib/mi_robot_manipulador_2
[1.736s] writing list of installed files to '/home/robotica/Taller3/mi_robot_manipulador_2/build/mi_robot_manipulador_2/install.log'
[1.817s] Invoked command in '/home/robotica/Taller3/mi_robot_manipulador_2/src/mi_robot_manipulador_2' returned '0': PYTHONPATH=/home/robotica/Taller3/mi_robot_manipulador_2/build/mi_robot_manipulador_2/prefix_override:/home/robotica/Taller3/mi_robot_manipulador_2/install/mi_robot_manipulador_2/lib/python3.10/site-packages:${PYTHONPATH} /usr/bin/python3 setup.py egg_info --egg-base ../../build/mi_robot_manipulador_2 build --build-base /home/robotica/Taller3/mi_robot_manipulador_2/build/mi_robot_manipulador_2/build install --record /home/robotica/Taller3/mi_robot_manipulador_2/build/mi_robot_manipulador_2/install.log --single-version-externally-managed
