[0.500s] DEBUG:colcon:Command line arguments: ['/usr/bin/colcon', 'build']
[0.500s] DEBUG:colcon:Parsed command line arguments: Namespace(log_base=None, log_level=None, verb_name='build', build_base='build', install_base='install', merge_install=False, symlink_install=False, test_result_base=None, continue_on_error=False, executor='parallel', parallel_workers=1, event_handlers=None, ignore_user_meta=False, metas=['./colcon.meta'], base_paths=['.'], packages_ignore=None, packages_ignore_regex=None, paths=None, packages_up_to=None, packages_up_to_regex=None, packages_above=None, packages_above_and_dependencies=None, packages_above_depth=None, packages_select_by_dep=None, packages_skip_by_dep=None, packages_skip_up_to=None, packages_select_build_failed=False, packages_skip_build_finished=False, packages_select_test_failures=False, packages_skip_test_passed=False, packages_select=None, packages_skip=None, packages_select_regex=None, packages_skip_regex=None, packages_start=None, packages_end=None, allow_overriding=[], cmake_args=None, cmake_target=None, cmake_target_skip_unavailable=False, cmake_clean_cache=False, cmake_clean_first=False, cmake_force_configure=False, ament_cmake_args=None, catkin_cmake_args=None, catkin_skip_building_tests=False, verb_parser=<colcon_defaults.argument_parser.defaults.DefaultArgumentsDecorator object at 0x7f9d805af7c0>, verb_extension=<colcon_core.verb.build.BuildVerb object at 0x7f9d80df0550>, main=<bound method BuildVerb.main of <colcon_core.verb.build.BuildVerb object at 0x7f9d80df0550>>)
[0.545s] Level 1:colcon.colcon_core.package_discovery:discover_packages(colcon_meta) check parameters
[0.545s] Level 1:colcon.colcon_core.package_discovery:discover_packages(recursive) check parameters
[0.546s] Level 1:colcon.colcon_core.package_discovery:discover_packages(ignore) check parameters
[0.546s] Level 1:colcon.colcon_core.package_discovery:discover_packages(path) check parameters
[0.546s] Level 1:colcon.colcon_core.package_discovery:discover_packages(colcon_meta) discover
[0.546s] Level 1:colcon.colcon_core.package_discovery:discover_packages(recursive) discover
[0.547s] INFO:colcon.colcon_core.package_discovery:Crawling recursively for packages in '/home/robotica/Taller3/mi_robot_manipulador_2'
[0.547s] Level 1:colcon.colcon_core.package_identification:_identify(.) by extensions ['ignore', 'ignore_ament_install']
[0.547s] Level 1:colcon.colcon_core.package_identification:_identify(.) by extension 'ignore'
[0.548s] Level 1:colcon.colcon_core.package_identification:_identify(.) by extension 'ignore_ament_install'
[0.548s] Level 1:colcon.colcon_core.package_identification:_identify(.) by extensions ['colcon_pkg']
[0.548s] Level 1:colcon.colcon_core.package_identification:_identify(.) by extension 'colcon_pkg'
[0.548s] Level 1:colcon.colcon_core.package_identification:_identify(.) by extensions ['colcon_meta']
[0.548s] Level 1:colcon.colcon_core.package_identification:_identify(.) by extension 'colcon_meta'
[0.549s] Level 1:colcon.colcon_core.package_identification:_identify(.) by extensions ['ros']
[0.549s] Level 1:colcon.colcon_core.package_identification:_identify(.) by extension 'ros'
[0.564s] Level 1:colcon.colcon_core.package_identification:_identify(.) by extensions ['cmake', 'python']
[0.564s] Level 1:colcon.colcon_core.package_identification:_identify(.) by extension 'cmake'
[0.565s] Level 1:colcon.colcon_core.package_identification:_identify(.) by extension 'python'
[0.565s] Level 1:colcon.colcon_core.package_identification:_identify(.) by extensions ['python_setup_py']
[0.565s] Level 1:colcon.colcon_core.package_identification:_identify(.) by extension 'python_setup_py'
[0.565s] Level 1:colcon.colcon_core.package_identification:_identify(build) by extensions ['ignore', 'ignore_ament_install']
[0.566s] Level 1:colcon.colcon_core.package_identification:_identify(build) by extension 'ignore'
[0.566s] Level 1:colcon.colcon_core.package_identification:_identify(build) ignored
[0.566s] Level 1:colcon.colcon_core.package_identification:_identify(install) by extensions ['ignore', 'ignore_ament_install']
[0.567s] Level 1:colcon.colcon_core.package_identification:_identify(install) by extension 'ignore'
[0.567s] Level 1:colcon.colcon_core.package_identification:_identify(install) ignored
[0.567s] Level 1:colcon.colcon_core.package_identification:_identify(log) by extensions ['ignore', 'ignore_ament_install']
[0.568s] Level 1:colcon.colcon_core.package_identification:_identify(log) by extension 'ignore'
[0.568s] Level 1:colcon.colcon_core.package_identification:_identify(log) ignored
[0.568s] Level 1:colcon.colcon_core.package_identification:_identify(src) by extensions ['ignore', 'ignore_ament_install']
[0.568s] Level 1:colcon.colcon_core.package_identification:_identify(src) by extension 'ignore'
[0.569s] Level 1:colcon.colcon_core.package_identification:_identify(src) by extension 'ignore_ament_install'
[0.569s] Level 1:colcon.colcon_core.package_identification:_identify(src) by extensions ['colcon_pkg']
[0.569s] Level 1:colcon.colcon_core.package_identification:_identify(src) by extension 'colcon_pkg'
[0.569s] Level 1:colcon.colcon_core.package_identification:_identify(src) by extensions ['colcon_meta']
[0.570s] Level 1:colcon.colcon_core.package_identification:_identify(src) by extension 'colcon_meta'
[0.570s] Level 1:colcon.colcon_core.package_identification:_identify(src) by extensions ['ros']
[0.570s] Level 1:colcon.colcon_core.package_identification:_identify(src) by extension 'ros'
[0.570s] Level 1:colcon.colcon_core.package_identification:_identify(src) by extensions ['cmake', 'python']
[0.571s] Level 1:colcon.colcon_core.package_identification:_identify(src) by extension 'cmake'
[0.571s] Level 1:colcon.colcon_core.package_identification:_identify(src) by extension 'python'
[0.571s] Level 1:colcon.colcon_core.package_identification:_identify(src) by extensions ['python_setup_py']
[0.571s] Level 1:colcon.colcon_core.package_identification:_identify(src) by extension 'python_setup_py'
[0.571s] Level 1:colcon.colcon_core.package_identification:_identify(src/mi_robot_manipulador_2) by extensions ['ignore', 'ignore_ament_install']
[0.571s] Level 1:colcon.colcon_core.package_identification:_identify(src/mi_robot_manipulador_2) by extension 'ignore'
[0.571s] Level 1:colcon.colcon_core.package_identification:_identify(src/mi_robot_manipulador_2) by extension 'ignore_ament_install'
[0.572s] Level 1:colcon.colcon_core.package_identification:_identify(src/mi_robot_manipulador_2) by extensions ['colcon_pkg']
[0.572s] Level 1:colcon.colcon_core.package_identification:_identify(src/mi_robot_manipulador_2) by extension 'colcon_pkg'
[0.572s] Level 1:colcon.colcon_core.package_identification:_identify(src/mi_robot_manipulador_2) by extensions ['colcon_meta']
[0.572s] Level 1:colcon.colcon_core.package_identification:_identify(src/mi_robot_manipulador_2) by extension 'colcon_meta'
[0.572s] Level 1:colcon.colcon_core.package_identification:_identify(src/mi_robot_manipulador_2) by extensions ['ros']
[0.572s] Level 1:colcon.colcon_core.package_identification:_identify(src/mi_robot_manipulador_2) by extension 'ros'
[0.577s] DEBUG:colcon.colcon_core.package_identification:Package 'src/mi_robot_manipulador_2' with type 'ros.ament_python' and name 'mi_robot_manipulador_2'
[0.578s] Level 1:colcon.colcon_core.package_discovery:discover_packages(recursive) using defaults
[0.578s] Level 1:colcon.colcon_core.package_discovery:discover_packages(ignore) discover
[0.578s] Level 1:colcon.colcon_core.package_discovery:discover_packages(ignore) using defaults
[0.578s] Level 1:colcon.colcon_core.package_discovery:discover_packages(path) discover
[0.579s] Level 1:colcon.colcon_core.package_discovery:discover_packages(path) using defaults
[0.610s] Level 1:colcon.colcon_core.package_discovery:discover_packages(prefix_path) check parameters
[0.610s] Level 1:colcon.colcon_core.package_discovery:discover_packages(prefix_path) discover
[0.613s] DEBUG:colcon.colcon_installed_package_information.package_discovery:Found 1 installed packages in /home/robotica/Taller3/mi_robot_manipulador_2/install
[0.616s] DEBUG:colcon.colcon_installed_package_information.package_discovery:Found 270 installed packages in /opt/ros/humble
[0.619s] Level 1:colcon.colcon_core.package_discovery:discover_packages(prefix_path) using defaults
[0.701s] Level 5:colcon.colcon_core.verb:set package 'mi_robot_manipulador_2' build argument 'cmake_args' from command line to 'None'
[0.702s] Level 5:colcon.colcon_core.verb:set package 'mi_robot_manipulador_2' build argument 'cmake_target' from command line to 'None'
[0.702s] Level 5:colcon.colcon_core.verb:set package 'mi_robot_manipulador_2' build argument 'cmake_target_skip_unavailable' from command line to 'False'
[0.702s] Level 5:colcon.colcon_core.verb:set package 'mi_robot_manipulador_2' build argument 'cmake_clean_cache' from command line to 'False'
[0.703s] Level 5:colcon.colcon_core.verb:set package 'mi_robot_manipulador_2' build argument 'cmake_clean_first' from command line to 'False'
[0.703s] Level 5:colcon.colcon_core.verb:set package 'mi_robot_manipulador_2' build argument 'cmake_force_configure' from command line to 'False'
[0.703s] Level 5:colcon.colcon_core.verb:set package 'mi_robot_manipulador_2' build argument 'ament_cmake_args' from command line to 'None'
[0.703s] Level 5:colcon.colcon_core.verb:set package 'mi_robot_manipulador_2' build argument 'catkin_cmake_args' from command line to 'None'
[0.703s] Level 5:colcon.colcon_core.verb:set package 'mi_robot_manipulador_2' build argument 'catkin_skip_building_tests' from command line to 'False'
[0.704s] DEBUG:colcon.colcon_core.verb:Building package 'mi_robot_manipulador_2' with the following arguments: {'ament_cmake_args': None, 'build_base': '/home/robotica/Taller3/mi_robot_manipulador_2/build/mi_robot_manipulador_2', 'catkin_cmake_args': None, 'catkin_skip_building_tests': False, 'cmake_args': None, 'cmake_clean_cache': False, 'cmake_clean_first': False, 'cmake_force_configure': False, 'cmake_target': None, 'cmake_target_skip_unavailable': False, 'install_base': '/home/robotica/Taller3/mi_robot_manipulador_2/install/mi_robot_manipulador_2', 'merge_install': False, 'path': '/home/robotica/Taller3/mi_robot_manipulador_2/src/mi_robot_manipulador_2', 'symlink_install': False, 'test_result_base': None}
[0.705s] INFO:colcon.colcon_core.executor:Executing jobs using 'parallel' executor
[0.709s] DEBUG:colcon.colcon_parallel_executor.executor.parallel:run_until_complete
[0.710s] INFO:colcon.colcon_ros.task.ament_python.build:Building ROS package in '/home/robotica/Taller3/mi_robot_manipulador_2/src/mi_robot_manipulador_2' with build type 'ament_python'
[0.710s] Level 1:colcon.colcon_core.shell:create_environment_hook('mi_robot_manipulador_2', 'ament_prefix_path')
[0.717s] INFO:colcon.colcon_core.plugin_system:Skipping extension 'colcon_core.shell.bat': Not used on non-Windows systems
[0.718s] INFO:colcon.colcon_core.shell:Creating environment hook '/home/robotica/Taller3/mi_robot_manipulador_2/install/mi_robot_manipulador_2/share/mi_robot_manipulador_2/hook/ament_prefix_path.ps1'
[0.720s] INFO:colcon.colcon_core.shell:Creating environment descriptor '/home/robotica/Taller3/mi_robot_manipulador_2/install/mi_robot_manipulador_2/share/mi_robot_manipulador_2/hook/ament_prefix_path.dsv'
[0.721s] INFO:colcon.colcon_core.shell:Creating environment hook '/home/robotica/Taller3/mi_robot_manipulador_2/install/mi_robot_manipulador_2/share/mi_robot_manipulador_2/hook/ament_prefix_path.sh'
[0.724s] INFO:colcon.colcon_core.shell:Skip shell extension 'powershell' for command environment: Not usable outside of PowerShell
[0.725s] DEBUG:colcon.colcon_core.shell:Skip shell extension 'dsv' for command environment
[1.389s] INFO:colcon.colcon_core.task.python.build:Building Python package in '/home/robotica/Taller3/mi_robot_manipulador_2/src/mi_robot_manipulador_2'
[1.391s] INFO:colcon.colcon_core.shell:Skip shell extension 'powershell' for command environment: Not usable outside of PowerShell
[1.391s] DEBUG:colcon.colcon_core.shell:Skip shell extension 'dsv' for command environment
[1.920s] DEBUG:colcon.colcon_core.event_handler.log_command:Invoking command in '/home/robotica/Taller3/mi_robot_manipulador_2/src/mi_robot_manipulador_2': PYTHONPATH=/home/robotica/Taller3/mi_robot_manipulador_2/build/mi_robot_manipulador_2/prefix_override:/home/robotica/Taller3/mi_robot_manipulador_2/install/mi_robot_manipulador_2/lib/python3.10/site-packages:${PYTHONPATH} /usr/bin/python3 setup.py egg_info --egg-base ../../build/mi_robot_manipulador_2 build --build-base /home/robotica/Taller3/mi_robot_manipulador_2/build/mi_robot_manipulador_2/build install --record /home/robotica/Taller3/mi_robot_manipulador_2/build/mi_robot_manipulador_2/install.log --single-version-externally-managed
[2.533s] DEBUG:colcon.colcon_core.event_handler.log_command:Invoked command in '/home/robotica/Taller3/mi_robot_manipulador_2/src/mi_robot_manipulador_2' returned '0': PYTHONPATH=/home/robotica/Taller3/mi_robot_manipulador_2/build/mi_robot_manipulador_2/prefix_override:/home/robotica/Taller3/mi_robot_manipulador_2/install/mi_robot_manipulador_2/lib/python3.10/site-packages:${PYTHONPATH} /usr/bin/python3 setup.py egg_info --egg-base ../../build/mi_robot_manipulador_2 build --build-base /home/robotica/Taller3/mi_robot_manipulador_2/build/mi_robot_manipulador_2/build install --record /home/robotica/Taller3/mi_robot_manipulador_2/build/mi_robot_manipulador_2/install.log --single-version-externally-managed
[2.543s] Level 1:colcon.colcon_core.environment:checking '/home/robotica/Taller3/mi_robot_manipulador_2/install/mi_robot_manipulador_2' for CMake module files
[2.544s] Level 1:colcon.colcon_core.environment:checking '/home/robotica/Taller3/mi_robot_manipulador_2/install/mi_robot_manipulador_2' for CMake config files
[2.546s] Level 1:colcon.colcon_core.environment:checking '/home/robotica/Taller3/mi_robot_manipulador_2/install/mi_robot_manipulador_2/lib'
[2.547s] Level 1:colcon.colcon_core.environment:checking '/home/robotica/Taller3/mi_robot_manipulador_2/install/mi_robot_manipulador_2/bin'
[2.547s] Level 1:colcon.colcon_core.environment:checking '/home/robotica/Taller3/mi_robot_manipulador_2/install/mi_robot_manipulador_2/lib/pkgconfig/mi_robot_manipulador_2.pc'
[2.548s] Level 1:colcon.colcon_core.environment:checking '/home/robotica/Taller3/mi_robot_manipulador_2/install/mi_robot_manipulador_2/lib/python3.10/site-packages'
[2.548s] Level 1:colcon.colcon_core.shell:create_environment_hook('mi_robot_manipulador_2', 'pythonpath')
[2.551s] INFO:colcon.colcon_core.shell:Creating environment hook '/home/robotica/Taller3/mi_robot_manipulador_2/install/mi_robot_manipulador_2/share/mi_robot_manipulador_2/hook/pythonpath.ps1'
[2.553s] INFO:colcon.colcon_core.shell:Creating environment descriptor '/home/robotica/Taller3/mi_robot_manipulador_2/install/mi_robot_manipulador_2/share/mi_robot_manipulador_2/hook/pythonpath.dsv'
[2.556s] INFO:colcon.colcon_core.shell:Creating environment hook '/home/robotica/Taller3/mi_robot_manipulador_2/install/mi_robot_manipulador_2/share/mi_robot_manipulador_2/hook/pythonpath.sh'
[2.558s] Level 1:colcon.colcon_core.environment:checking '/home/robotica/Taller3/mi_robot_manipulador_2/install/mi_robot_manipulador_2/bin'
[2.559s] Level 1:colcon.colcon_core.environment:create_environment_scripts_only(mi_robot_manipulador_2)
[2.569s] INFO:colcon.colcon_core.shell:Creating package script '/home/robotica/Taller3/mi_robot_manipulador_2/install/mi_robot_manipulador_2/share/mi_robot_manipulador_2/package.ps1'
[2.573s] INFO:colcon.colcon_core.shell:Creating package descriptor '/home/robotica/Taller3/mi_robot_manipulador_2/install/mi_robot_manipulador_2/share/mi_robot_manipulador_2/package.dsv'
[2.578s] INFO:colcon.colcon_core.shell:Creating package script '/home/robotica/Taller3/mi_robot_manipulador_2/install/mi_robot_manipulador_2/share/mi_robot_manipulador_2/package.sh'
[2.585s] INFO:colcon.colcon_core.shell:Creating package script '/home/robotica/Taller3/mi_robot_manipulador_2/install/mi_robot_manipulador_2/share/mi_robot_manipulador_2/package.bash'
[2.590s] INFO:colcon.colcon_core.shell:Creating package script '/home/robotica/Taller3/mi_robot_manipulador_2/install/mi_robot_manipulador_2/share/mi_robot_manipulador_2/package.zsh'
[2.595s] Level 1:colcon.colcon_core.environment:create_file_with_runtime_dependencies(/home/robotica/Taller3/mi_robot_manipulador_2/install/mi_robot_manipulador_2/share/colcon-core/packages/mi_robot_manipulador_2)
[2.598s] DEBUG:colcon.colcon_parallel_executor.executor.parallel:closing loop
[2.599s] DEBUG:colcon.colcon_parallel_executor.executor.parallel:loop closed
[2.599s] DEBUG:colcon.colcon_parallel_executor.executor.parallel:run_until_complete finished with '0'
[2.600s] DEBUG:colcon.colcon_core.event_reactor:joining thread
[2.620s] INFO:colcon.colcon_core.plugin_system:Skipping extension 'colcon_notification.desktop_notification.terminal_notifier': Not used on non-Darwin systems
[2.620s] INFO:colcon.colcon_core.plugin_system:Skipping extension 'colcon_notification.desktop_notification.win32': Not used on non-Windows systems
[2.620s] INFO:colcon.colcon_notification.desktop_notification:Sending desktop notification using 'notify2'
[2.656s] DEBUG:colcon.colcon_core.event_reactor:joined thread
[2.659s] INFO:colcon.colcon_core.shell:Creating prefix script '/home/robotica/Taller3/mi_robot_manipulador_2/install/local_setup.ps1'
[2.672s] INFO:colcon.colcon_core.shell:Creating prefix util module '/home/robotica/Taller3/mi_robot_manipulador_2/install/_local_setup_util_ps1.py'
[2.674s] INFO:colcon.colcon_core.shell:Creating prefix chain script '/home/robotica/Taller3/mi_robot_manipulador_2/install/setup.ps1'
[2.681s] INFO:colcon.colcon_core.shell:Creating prefix script '/home/robotica/Taller3/mi_robot_manipulador_2/install/local_setup.sh'
[2.682s] INFO:colcon.colcon_core.shell:Creating prefix util module '/home/robotica/Taller3/mi_robot_manipulador_2/install/_local_setup_util_sh.py'
[2.682s] INFO:colcon.colcon_core.shell:Creating prefix chain script '/home/robotica/Taller3/mi_robot_manipulador_2/install/setup.sh'
[2.688s] INFO:colcon.colcon_core.shell:Creating prefix script '/home/robotica/Taller3/mi_robot_manipulador_2/install/local_setup.bash'
[2.690s] INFO:colcon.colcon_core.shell:Creating prefix chain script '/home/robotica/Taller3/mi_robot_manipulador_2/install/setup.bash'
[2.695s] INFO:colcon.colcon_core.shell:Creating prefix script '/home/robotica/Taller3/mi_robot_manipulador_2/install/local_setup.zsh'
[2.696s] INFO:colcon.colcon_core.shell:Creating prefix chain script '/home/robotica/Taller3/mi_robot_manipulador_2/install/setup.zsh'
