[1.614s] Invoking command in '/home/robotica/Taller3/mi_robot_manipulador_2/src/mi_robot_manipulador_2': PYTHONPATH=/home/robotica/Taller3/mi_robot_manipulador_2/build/mi_robot_manipulador_2/prefix_override:/home/robotica/Taller3/mi_robot_manipulador_2/install/mi_robot_manipulador_2/lib/python3.10/site-packages:${PYTHONPATH} /usr/bin/python3 setup.py egg_info --egg-base ../../build/mi_robot_manipulador_2 build --build-base /home/robotica/Taller3/mi_robot_manipulador_2/build/mi_robot_manipulador_2/build install --record /home/robotica/Taller3/mi_robot_manipulador_2/build/mi_robot_manipulador_2/install.log --single-version-externally-managed
[2.100s] running egg_info
[2.104s] writing ../../build/mi_robot_manipulador_2/mi_robot_manipulador_2.egg-info/PKG-INFO
[2.110s] writing dependency_links to ../../build/mi_robot_manipulador_2/mi_robot_manipulador_2.egg-info/dependency_links.txt
[2.117s] writing entry points to ../../build/mi_robot_manipulador_2/mi_robot_manipulador_2.egg-info/entry_points.txt
[2.121s] writing requirements to ../../build/mi_robot_manipulador_2/mi_robot_manipulador_2.egg-info/requires.txt
[2.124s] writing top-level names to ../../build/mi_robot_manipulador_2/mi_robot_manipulador_2.egg-info/top_level.txt
[2.130s] reading manifest file '../../build/mi_robot_manipulador_2/mi_robot_manipulador_2.egg-info/SOURCES.txt'
[2.134s] writing manifest file '../../build/mi_robot_manipulador_2/mi_robot_manipulador_2.egg-info/SOURCES.txt'
[2.136s] running build
[2.137s] running build_py
[2.139s] copying mi_robot_manipulador_2/robot_manipulator_teleop.py -> /home/robotica/Taller3/mi_robot_manipulador_2/build/mi_robot_manipulador_2/build/lib/mi_robot_manipulador_2
[2.142s] running install
[2.144s] /usr/lib/python3/dist-packages/setuptools/command/install.py:34: SetuptoolsDeprecationWarning: setup.py install is deprecated. Use build and pip and other standards-based tools.
[2.145s]   warnings.warn(
[2.147s] running install_lib
[2.150s] copying /home/robotica/Taller3/mi_robot_manipulador_2/build/mi_robot_manipulador_2/build/lib/mi_robot_manipulador_2/robot_manipulator_teleop.py -> /home/robotica/Taller3/mi_robot_manipulador_2/install/mi_robot_manipulador_2/lib/python3.10/site-packages/mi_robot_manipulador_2
[2.154s] byte-compiling /home/robotica/Taller3/mi_robot_manipulador_2/install/mi_robot_manipulador_2/lib/python3.10/site-packages/mi_robot_manipulador_2/robot_manipulator_teleop.py to robot_manipulator_teleop.cpython-310.pyc
[2.157s] Sorry: IndentationError: expected an indented block after function definition on line 105 (robot_manipulator_teleop.py, line 107)
[2.161s] running install_data
[2.167s] running install_egg_info
[2.169s] removing '/home/robotica/Taller3/mi_robot_manipulador_2/install/mi_robot_manipulador_2/lib/python3.10/site-packages/mi_robot_manipulador_2-0.0.0-py3.10.egg-info' (and everything under it)
[2.182s] Copying ../../build/mi_robot_manipulador_2/mi_robot_manipulador_2.egg-info to /home/robotica/Taller3/mi_robot_manipulador_2/install/mi_robot_manipulador_2/lib/python3.10/site-packages/mi_robot_manipulador_2-0.0.0-py3.10.egg-info
[2.183s] running install_scripts
[2.220s] Installing robot_manipulator_teleop script to /home/robotica/Taller3/mi_robot_manipulador_2/install/mi_robot_manipulador_2/lib/mi_robot_manipulador_2
[2.222s] Installing robot_manipulator_teleop_test script to /home/robotica/Taller3/mi_robot_manipulador_2/install/mi_robot_manipulador_2/lib/mi_robot_manipulador_2
[2.225s] writing list of installed files to '/home/robotica/Taller3/mi_robot_manipulador_2/build/mi_robot_manipulador_2/install.log'
[2.296s] Invoked command in '/home/robotica/Taller3/mi_robot_manipulador_2/src/mi_robot_manipulador_2' returned '0': PYTHONPATH=/home/robotica/Taller3/mi_robot_manipulador_2/build/mi_robot_manipulador_2/prefix_override:/home/robotica/Taller3/mi_robot_manipulador_2/install/mi_robot_manipulador_2/lib/python3.10/site-packages:${PYTHONPATH} /usr/bin/python3 setup.py egg_info --egg-base ../../build/mi_robot_manipulador_2 build --build-base /home/robotica/Taller3/mi_robot_manipulador_2/build/mi_robot_manipulador_2/build install --record /home/robotica/Taller3/mi_robot_manipulador_2/build/mi_robot_manipulador_2/install.log --single-version-externally-managed
