[2.097s] Invoking command in '/home/robotica/Taller3/mi_robot_manipulador_2/src/mi_robot_manipulador_2': PYTHONPATH=/home/robotica/Taller3/mi_robot_manipulador_2/build/mi_robot_manipulador_2/prefix_override:/home/robotica/Taller3/mi_robot_manipulador_2/install/mi_robot_manipulador_2/lib/python3.10/site-packages:${PYTHONPATH} /usr/bin/python3 setup.py egg_info --egg-base ../../build/mi_robot_manipulador_2 build --build-base /home/robotica/Taller3/mi_robot_manipulador_2/build/mi_robot_manipulador_2/build install --record /home/robotica/Taller3/mi_robot_manipulador_2/build/mi_robot_manipulador_2/install.log --single-version-externally-managed
[2.745s] running egg_info
[2.749s] writing ../../build/mi_robot_manipulador_2/mi_robot_manipulador_2.egg-info/PKG-INFO
[2.753s] writing dependency_links to ../../build/mi_robot_manipulador_2/mi_robot_manipulador_2.egg-info/dependency_links.txt
[2.755s] writing entry points to ../../build/mi_robot_manipulador_2/mi_robot_manipulador_2.egg-info/entry_points.txt
[2.758s] writing requirements to ../../build/mi_robot_manipulador_2/mi_robot_manipulador_2.egg-info/requires.txt
[2.759s] writing top-level names to ../../build/mi_robot_manipulador_2/mi_robot_manipulador_2.egg-info/top_level.txt
[2.770s] reading manifest file '../../build/mi_robot_manipulador_2/mi_robot_manipulador_2.egg-info/SOURCES.txt'
[2.777s] writing manifest file '../../build/mi_robot_manipulador_2/mi_robot_manipulador_2.egg-info/SOURCES.txt'
[2.777s] running build
[2.778s] running build_py
[2.780s] copying mi_robot_manipulador_2/robot_manipulator_teleop.py -> /home/robotica/Taller3/mi_robot_manipulador_2/build/mi_robot_manipulador_2/build/lib/mi_robot_manipulador_2
[2.781s] running install
[2.784s] /usr/lib/python3/dist-packages/setuptools/command/install.py:34: SetuptoolsDeprecationWarning: setup.py install is deprecated. Use build and pip and other standards-based tools.
[2.784s]   warnings.warn(
[2.785s] running install_lib
[2.792s] copying /home/robotica/Taller3/mi_robot_manipulador_2/build/mi_robot_manipulador_2/build/lib/mi_robot_manipulador_2/robot_manipulator_teleop.py -> /home/robotica/Taller3/mi_robot_manipulador_2/install/mi_robot_manipulador_2/lib/python3.10/site-packages/mi_robot_manipulador_2
[2.794s] byte-compiling /home/robotica/Taller3/mi_robot_manipulador_2/install/mi_robot_manipulador_2/lib/python3.10/site-packages/mi_robot_manipulador_2/robot_manipulator_teleop.py to robot_manipulator_teleop.cpython-310.pyc
[2.796s] running install_data
[2.799s] running install_egg_info
[2.812s] removing '/home/robotica/Taller3/mi_robot_manipulador_2/install/mi_robot_manipulador_2/lib/python3.10/site-packages/mi_robot_manipulador_2-0.0.0-py3.10.egg-info' (and everything under it)
[2.817s] Copying ../../build/mi_robot_manipulador_2/mi_robot_manipulador_2.egg-info to /home/robotica/Taller3/mi_robot_manipulador_2/install/mi_robot_manipulador_2/lib/python3.10/site-packages/mi_robot_manipulador_2-0.0.0-py3.10.egg-info
[2.820s] running install_scripts
[2.908s] Installing robot_manipulator_teleop script to /home/robotica/Taller3/mi_robot_manipulador_2/install/mi_robot_manipulador_2/lib/mi_robot_manipulador_2
[2.912s] Installing robot_manipulator_teleop_test script to /home/robotica/Taller3/mi_robot_manipulador_2/install/mi_robot_manipulador_2/lib/mi_robot_manipulador_2
[2.915s] writing list of installed files to '/home/robotica/Taller3/mi_robot_manipulador_2/build/mi_robot_manipulador_2/install.log'
[2.986s] Invoked command in '/home/robotica/Taller3/mi_robot_manipulador_2/src/mi_robot_manipulador_2' returned '0': PYTHONPATH=/home/robotica/Taller3/mi_robot_manipulador_2/build/mi_robot_manipulador_2/prefix_override:/home/robotica/Taller3/mi_robot_manipulador_2/install/mi_robot_manipulador_2/lib/python3.10/site-packages:${PYTHONPATH} /usr/bin/python3 setup.py egg_info --egg-base ../../build/mi_robot_manipulador_2 build --build-base /home/robotica/Taller3/mi_robot_manipulador_2/build/mi_robot_manipulador_2/build install --record /home/robotica/Taller3/mi_robot_manipulador_2/build/mi_robot_manipulador_2/install.log --single-version-externally-managed
