[1.521s] Invoking command in '/home/yaisa/Taller3/src/mi_robot_manipulador_2': PYTHONPATH=/home/yaisa/Taller3/build/mi_robot_manipulador_2/prefix_override:/home/yaisa/Taller3/install/mi_robot_manipulador_2/lib/python3.10/site-packages:${PYTHONPATH} /usr/bin/python3 setup.py egg_info --egg-base ../../build/mi_robot_manipulador_2 build --build-base /home/yaisa/Taller3/build/mi_robot_manipulador_2/build install --record /home/yaisa/Taller3/build/mi_robot_manipulador_2/install.log --single-version-externally-managed
[1.984s] running egg_info
[1.985s] creating ../../build/mi_robot_manipulador_2/mi_robot_manipulador_2.egg-info
[1.985s] writing ../../build/mi_robot_manipulador_2/mi_robot_manipulador_2.egg-info/PKG-INFO
[1.986s] writing dependency_links to ../../build/mi_robot_manipulador_2/mi_robot_manipulador_2.egg-info/dependency_links.txt
[1.986s] writing entry points to ../../build/mi_robot_manipulador_2/mi_robot_manipulador_2.egg-info/entry_points.txt
[1.987s] writing requirements to ../../build/mi_robot_manipulador_2/mi_robot_manipulador_2.egg-info/requires.txt
[1.987s] writing top-level names to ../../build/mi_robot_manipulador_2/mi_robot_manipulador_2.egg-info/top_level.txt
[1.987s] writing manifest file '../../build/mi_robot_manipulador_2/mi_robot_manipulador_2.egg-info/SOURCES.txt'
[1.990s] reading manifest file '../../build/mi_robot_manipulador_2/mi_robot_manipulador_2.egg-info/SOURCES.txt'
[1.992s] writing manifest file '../../build/mi_robot_manipulador_2/mi_robot_manipulador_2.egg-info/SOURCES.txt'
[1.992s] running build
[1.993s] running build_py
[1.993s] creating /home/yaisa/Taller3/build/mi_robot_manipulador_2/build
[1.993s] creating /home/yaisa/Taller3/build/mi_robot_manipulador_2/build/lib
[1.993s] creating /home/yaisa/Taller3/build/mi_robot_manipulador_2/build/lib/mi_robot_manipulador_2
[1.994s] copying mi_robot_manipulador_2/robot_manipulator_teleop_test.py -> /home/yaisa/Taller3/build/mi_robot_manipulador_2/build/lib/mi_robot_manipulador_2
[1.994s] copying mi_robot_manipulador_2/manipulator_sendto_arduino.py -> /home/yaisa/Taller3/build/mi_robot_manipulador_2/build/lib/mi_robot_manipulador_2
[1.994s] copying mi_robot_manipulador_2/robot_manipulator_teleop.py -> /home/yaisa/Taller3/build/mi_robot_manipulador_2/build/lib/mi_robot_manipulador_2
[1.994s] copying mi_robot_manipulador_2/__init__.py -> /home/yaisa/Taller3/build/mi_robot_manipulador_2/build/lib/mi_robot_manipulador_2
[1.994s] copying mi_robot_manipulador_2/cinematica_brazo.py -> /home/yaisa/Taller3/build/mi_robot_manipulador_2/build/lib/mi_robot_manipulador_2
[1.995s] copying mi_robot_manipulador_2/robot_manipulator_interface.py -> /home/yaisa/Taller3/build/mi_robot_manipulador_2/build/lib/mi_robot_manipulador_2
[1.995s] running install
[1.996s] /usr/lib/python3/dist-packages/setuptools/command/install.py:34: SetuptoolsDeprecationWarning: setup.py install is deprecated. Use build and pip and other standards-based tools.
[1.996s]   warnings.warn(
[1.997s] running install_lib
[1.999s] creating /home/yaisa/Taller3/install/mi_robot_manipulador_2/lib/python3.10/site-packages/mi_robot_manipulador_2
[1.999s] copying /home/yaisa/Taller3/build/mi_robot_manipulador_2/build/lib/mi_robot_manipulador_2/robot_manipulator_teleop_test.py -> /home/yaisa/Taller3/install/mi_robot_manipulador_2/lib/python3.10/site-packages/mi_robot_manipulador_2
[2.000s] copying /home/yaisa/Taller3/build/mi_robot_manipulador_2/build/lib/mi_robot_manipulador_2/manipulator_sendto_arduino.py -> /home/yaisa/Taller3/install/mi_robot_manipulador_2/lib/python3.10/site-packages/mi_robot_manipulador_2
[2.000s] copying /home/yaisa/Taller3/build/mi_robot_manipulador_2/build/lib/mi_robot_manipulador_2/robot_manipulator_teleop.py -> /home/yaisa/Taller3/install/mi_robot_manipulador_2/lib/python3.10/site-packages/mi_robot_manipulador_2
[2.000s] copying /home/yaisa/Taller3/build/mi_robot_manipulador_2/build/lib/mi_robot_manipulador_2/__init__.py -> /home/yaisa/Taller3/install/mi_robot_manipulador_2/lib/python3.10/site-packages/mi_robot_manipulador_2
[2.000s] copying /home/yaisa/Taller3/build/mi_robot_manipulador_2/build/lib/mi_robot_manipulador_2/cinematica_brazo.py -> /home/yaisa/Taller3/install/mi_robot_manipulador_2/lib/python3.10/site-packages/mi_robot_manipulador_2
[2.000s] copying /home/yaisa/Taller3/build/mi_robot_manipulador_2/build/lib/mi_robot_manipulador_2/robot_manipulator_interface.py -> /home/yaisa/Taller3/install/mi_robot_manipulador_2/lib/python3.10/site-packages/mi_robot_manipulador_2
[2.001s] byte-compiling /home/yaisa/Taller3/install/mi_robot_manipulador_2/lib/python3.10/site-packages/mi_robot_manipulador_2/robot_manipulator_teleop_test.py to robot_manipulator_teleop_test.cpython-310.pyc
[2.002s] byte-compiling /home/yaisa/Taller3/install/mi_robot_manipulador_2/lib/python3.10/site-packages/mi_robot_manipulador_2/manipulator_sendto_arduino.py to manipulator_sendto_arduino.cpython-310.pyc
[2.004s] byte-compiling /home/yaisa/Taller3/install/mi_robot_manipulador_2/lib/python3.10/site-packages/mi_robot_manipulador_2/robot_manipulator_teleop.py to robot_manipulator_teleop.cpython-310.pyc
[2.008s] byte-compiling /home/yaisa/Taller3/install/mi_robot_manipulador_2/lib/python3.10/site-packages/mi_robot_manipulador_2/__init__.py to __init__.cpython-310.pyc
[2.009s] byte-compiling /home/yaisa/Taller3/install/mi_robot_manipulador_2/lib/python3.10/site-packages/mi_robot_manipulador_2/cinematica_brazo.py to cinematica_brazo.cpython-310.pyc
[2.011s] byte-compiling /home/yaisa/Taller3/install/mi_robot_manipulador_2/lib/python3.10/site-packages/mi_robot_manipulador_2/robot_manipulator_interface.py to robot_manipulator_interface.cpython-310.pyc
[2.014s] running install_data
[2.015s] creating /home/yaisa/Taller3/install/mi_robot_manipulador_2/share/ament_index
[2.016s] creating /home/yaisa/Taller3/install/mi_robot_manipulador_2/share/ament_index/resource_index
[2.016s] creating /home/yaisa/Taller3/install/mi_robot_manipulador_2/share/ament_index/resource_index/packages
[2.016s] copying resource/mi_robot_manipulador_2 -> /home/yaisa/Taller3/install/mi_robot_manipulador_2/share/ament_index/resource_index/packages
[2.016s] copying package.xml -> /home/yaisa/Taller3/install/mi_robot_manipulador_2/share/mi_robot_manipulador_2
[2.016s] running install_egg_info
[2.019s] Copying ../../build/mi_robot_manipulador_2/mi_robot_manipulador_2.egg-info to /home/yaisa/Taller3/install/mi_robot_manipulador_2/lib/python3.10/site-packages/mi_robot_manipulador_2-0.0.0-py3.10.egg-info
[2.021s] running install_scripts
[2.064s] Installing manipulator_sendto_arduino script to /home/yaisa/Taller3/install/mi_robot_manipulador_2/lib/mi_robot_manipulador_2
[2.064s] Installing robot_manipulator_interface script to /home/yaisa/Taller3/install/mi_robot_manipulador_2/lib/mi_robot_manipulador_2
[2.064s] Installing robot_manipulator_teleop script to /home/yaisa/Taller3/install/mi_robot_manipulador_2/lib/mi_robot_manipulador_2
[2.064s] Installing robot_manipulator_teleop_test script to /home/yaisa/Taller3/install/mi_robot_manipulador_2/lib/mi_robot_manipulador_2
[2.065s] writing list of installed files to '/home/yaisa/Taller3/build/mi_robot_manipulador_2/install.log'
[2.102s] Invoked command in '/home/yaisa/Taller3/src/mi_robot_manipulador_2' returned '0': PYTHONPATH=/home/yaisa/Taller3/build/mi_robot_manipulador_2/prefix_override:/home/yaisa/Taller3/install/mi_robot_manipulador_2/lib/python3.10/site-packages:${PYTHONPATH} /usr/bin/python3 setup.py egg_info --egg-base ../../build/mi_robot_manipulador_2 build --build-base /home/yaisa/Taller3/build/mi_robot_manipulador_2/build install --record /home/yaisa/Taller3/build/mi_robot_manipulador_2/install.log --single-version-externally-managed
